TN:
SF:common/logger.js
FN:8,error
FN:12,info
FN:16,debug
FN:20,setFailed
FNF:4
FNH:0
FNDA:0,error
FNDA:0,info
FNDA:0,debug
FNDA:0,setFailed
DA:1,1
DA:3,1
DA:4,1
DA:5,1
DA:6,1
DA:9,0
DA:13,0
DA:17,0
DA:21,0
DA:24,1
LF:10
LH:6
BRF:0
BRH:0
end_of_record
TN:
SF:github-flow-mirror-repo/index.js
FN:22,processRepo
FN:133,run
FNF:2
FNH:2
FNDA:2,processRepo
FNDA:1,run
DA:4,1
DA:5,1
DA:6,1
DA:7,1
DA:8,1
DA:9,1
DA:10,1
DA:23,2
DA:24,2
DA:29,2
DA:30,2
DA:34,1
DA:35,1
DA:37,1
DA:38,0
DA:41,1
DA:43,1
DA:50,1
DA:51,1
DA:52,1
DA:54,1
DA:57,1
DA:60,1
DA:61,1
DA:64,1
DA:65,1
DA:66,1
DA:69,1
DA:70,1
DA:71,1
DA:74,1
DA:75,1
DA:97,1
DA:102,1
DA:103,1
DA:106,1
DA:107,1
DA:108,1
DA:111,1
DA:112,1
DA:113,1
DA:114,1
DA:115,1
DA:117,1
DA:118,1
DA:124,1
DA:134,1
DA:135,1
DA:136,1
DA:137,1
DA:138,0
DA:139,0
DA:140,0
DA:141,0
DA:142,0
DA:144,0
DA:145,0
DA:148,0
DA:149,0
DA:154,1
DA:155,1
DA:158,1
DA:160,1
LF:63
LH:53
BRDA:22,0,0,2
BRDA:24,1,0,0
BRDA:24,1,1,2
BRDA:37,2,0,0
BRDA:37,2,1,1
BRDA:140,3,0,0
BRDA:148,4,0,0
BRDA:148,4,1,0
BRF:8
BRH:3
end_of_record
