TN:
SF:common/logger.js
FN:8,error
FN:12,info
FN:16,debug
FN:20,setFailed
FNF:4
FNH:0
FNDA:0,error
FNDA:0,info
FNDA:0,debug
FNDA:0,setFailed
DA:1,1
DA:3,1
DA:4,1
DA:5,1
DA:6,1
DA:9,0
DA:13,0
DA:17,0
DA:21,0
DA:24,1
LF:10
LH:6
BRF:0
BRH:0
end_of_record
TN:
SF:github-flow-mirror-repo/index.js
FN:9,processRepo
FN:114,run
FNF:2
FNH:2
FNDA:2,processRepo
FNDA:1,run
DA:1,1
DA:2,1
DA:3,1
DA:4,1
DA:5,1
DA:6,1
DA:7,1
DA:10,2
DA:11,2
DA:16,2
DA:17,2
DA:21,1
DA:22,1
DA:24,1
DA:25,0
DA:28,1
DA:30,1
DA:37,1
DA:38,1
DA:39,1
DA:41,1
DA:44,1
DA:47,1
DA:48,1
DA:51,1
DA:52,1
DA:53,1
DA:56,1
DA:57,1
DA:58,1
DA:61,1
DA:62,1
DA:84,1
DA:89,1
DA:90,1
DA:93,1
DA:94,1
DA:95,1
DA:98,1
DA:99,1
DA:100,1
DA:101,1
DA:102,1
DA:104,1
DA:105,1
DA:111,1
DA:115,1
DA:116,1
DA:117,1
DA:118,1
DA:119,0
DA:120,0
DA:121,0
DA:122,0
DA:123,0
DA:125,0
DA:126,0
DA:129,0
DA:130,0
DA:135,1
DA:136,1
DA:139,1
DA:141,1
LF:63
LH:53
BRDA:9,0,0,2
BRDA:11,1,0,0
BRDA:11,1,1,2
BRDA:24,2,0,0
BRDA:24,2,1,1
BRDA:121,3,0,0
BRDA:129,4,0,0
BRDA:129,4,1,0
BRF:8
BRH:3
end_of_record
