TN:
SF:common/git-operations.js
FN:4,setGitActionAccess
FNF:1
FNH:0
FNDA:0,setGitActionAccess
DA:1,0
DA:2,0
DA:5,0
DA:6,0
DA:7,0
DA:10,0
DA:19,0
DA:20,0
DA:22,0
DA:23,0
DA:27,0
LF:11
LH:0
BRF:0
BRH:0
end_of_record
TN:
SF:common/logger.js
FN:17,error
FN:27,info
FN:37,debug
FN:47,setFailed
FNF:4
FNH:0
FNDA:0,error
FNDA:0,info
FNDA:0,debug
FNDA:0,setFailed
DA:4,1
DA:6,1
DA:7,1
DA:8,1
DA:9,1
DA:18,0
DA:28,0
DA:38,0
DA:48,0
DA:51,1
LF:10
LH:6
BRF:0
BRH:0
end_of_record
TN:
SF:git-upstream-set-check-pr-block/index.js
FN:4,run
FNF:1
FNH:0
FNDA:0,run
DA:1,0
DA:2,0
DA:5,0
DA:6,0
DA:7,0
DA:9,0
DA:11,0
DA:17,0
DA:18,0
DA:20,0
DA:23,0
DA:24,0
DA:26,0
DA:27,0
DA:28,0
DA:29,0
DA:32,0
DA:38,0
DA:39,0
DA:42,0
DA:43,0
DA:45,0
DA:52,0
DA:53,0
DA:56,0
DA:59,0
LF:26
LH:0
BRDA:17,0,0,0
BRDA:17,0,1,0
BRDA:28,1,0,0
BRDA:28,1,1,0
BRDA:38,2,0,0
BRDA:38,2,1,0
BRDA:38,3,0,0
BRDA:38,3,1,0
BRDA:52,4,0,0
BRDA:52,4,1,0
BRF:10
BRH:0
end_of_record
TN:
SF:git-upstream-set-create-pr/index.js
FN:4,run
FN:10,(anonymous_1)
FN:96,fetchForkParentRepoInfo
FN:126,checkIfPrNeeded
FN:240,createPr
FN:277,(anonymous_5)
FN:351,updateOtherPrs
FN:423,postCommentToPr
FN:432,updatePrBody
FNF:9
FNH:0
FNDA:0,run
FNDA:0,(anonymous_1)
FNDA:0,fetchForkParentRepoInfo
FNDA:0,checkIfPrNeeded
FNDA:0,createPr
FNDA:0,(anonymous_5)
FNDA:0,updateOtherPrs
FNDA:0,postCommentToPr
FNDA:0,updatePrBody
DA:1,0
DA:2,0
DA:5,0
DA:6,0
DA:7,0
DA:10,0
DA:11,0
DA:14,0
DA:15,0
DA:18,0
DA:21,0
DA:24,0
DA:25,0
DA:27,0
DA:29,0
DA:30,0
DA:31,0
DA:36,0
DA:37,0
DA:38,0
DA:46,0
DA:47,0
DA:48,0
DA:50,0
DA:51,0
DA:54,0
DA:56,0
DA:63,0
DA:75,0
DA:76,0
DA:77,0
DA:78,0
DA:79,0
DA:80,0
DA:81,0
DA:83,0
DA:86,0
DA:91,0
DA:92,0
DA:97,0
DA:98,0
DA:99,0
DA:101,0
DA:108,0
DA:109,0
DA:110,0
DA:111,0
DA:112,0
DA:113,0
DA:115,0
DA:116,0
DA:118,0
DA:122,0
DA:123,0
DA:135,0
DA:136,0
DA:137,0
DA:138,0
DA:141,0
DA:144,0
DA:145,0
DA:151,0
DA:155,0
DA:159,0
DA:161,0
DA:162,0
DA:165,0
DA:168,0
DA:169,0
DA:175,0
DA:178,0
DA:182,0
DA:183,0
DA:186,0
DA:195,0
DA:198,0
DA:204,0
DA:208,0
DA:214,0
DA:215,0
DA:218,0
DA:225,0
DA:226,0
DA:229,0
DA:234,0
DA:235,0
DA:253,0
DA:254,0
DA:255,0
DA:256,0
DA:257,0
DA:259,0
DA:262,0
DA:263,0
DA:269,0
DA:277,0
DA:280,0
DA:282,0
DA:283,0
DA:286,0
DA:293,0
DA:296,0
DA:303,0
DA:304,0
DA:306,0
DA:310,0
DA:315,0
DA:317,0
DA:323,0
DA:326,0
DA:327,0
DA:338,0
DA:347,0
DA:348,0
DA:358,0
DA:359,0
DA:365,0
DA:367,0
DA:368,0
DA:369,0
DA:372,0
DA:373,0
DA:374,0
DA:375,0
DA:376,0
DA:378,0
DA:381,0
DA:385,0
DA:386,0
DA:387,0
DA:389,0
DA:392,0
DA:394,0
DA:396,0
DA:397,0
DA:398,0
DA:399,0
DA:401,0
DA:405,0
DA:406,0
DA:407,0
DA:408,0
DA:418,0
DA:419,0
DA:424,0
DA:433,0
DA:441,0
LF:147
LH:0
BRDA:11,0,0,0
BRDA:11,0,1,0
BRDA:15,1,0,0
BRDA:15,1,1,0
BRDA:18,2,0,0
BRDA:18,2,1,0
BRDA:21,3,0,0
BRDA:21,3,1,0
BRDA:37,4,0,0
BRDA:37,4,1,0
BRDA:46,5,0,0
BRDA:46,5,1,0
BRDA:50,6,0,0
BRDA:50,6,1,0
BRDA:75,7,0,0
BRDA:75,7,1,0
BRDA:77,8,0,0
BRDA:77,8,1,0
BRDA:77,9,0,0
BRDA:77,9,1,0
BRDA:109,10,0,0
BRDA:109,10,1,0
BRDA:112,11,0,0
BRDA:112,11,1,0
BRDA:115,12,0,0
BRDA:115,12,1,0
BRDA:161,13,0,0
BRDA:161,13,1,0
BRDA:182,14,0,0
BRDA:182,14,1,0
BRDA:225,15,0,0
BRDA:225,15,1,0
BRDA:282,16,0,0
BRDA:282,16,1,0
BRDA:282,17,0,0
BRDA:282,17,1,0
BRDA:303,18,0,0
BRDA:303,18,1,0
BRDA:368,19,0,0
BRDA:368,19,1,0
BRDA:375,20,0,0
BRDA:375,20,1,0
BRDA:375,21,0,0
BRDA:375,21,1,0
BRDA:385,22,0,0
BRDA:385,22,1,0
BRDA:385,23,0,0
BRDA:385,23,1,0
BRDA:398,24,0,0
BRDA:398,24,1,0
BRDA:398,25,0,0
BRDA:398,25,1,0
BRF:52
BRH:0
end_of_record
TN:
SF:git-upstream-set-create-pr/dist/140.index.js
FN:7,(anonymous_0)
FN:11,(anonymous_1)
FN:46,(anonymous_2)
FN:48,(anonymous_3)
FN:54,(anonymous_4)
FN:83,(anonymous_5)
FN:94,(anonymous_6)
FN:98,(anonymous_7)
FN:102,(anonymous_8)
FN:108,(anonymous_9)
FN:324,(anonymous_10)
FN:334,_fileName
FN:344,(anonymous_12)
FN:350,toFormData
FN:372,(anonymous_14)
FN:376,(anonymous_15)
FN:380,(anonymous_16)
FN:385,(anonymous_17)
FN:392,(anonymous_18)
FN:405,(anonymous_19)
FN:409,(anonymous_20)
FN:413,(anonymous_21)
FNF:22
FNH:0
FNDA:0,(anonymous_0)
FNDA:0,(anonymous_1)
FNDA:0,(anonymous_2)
FNDA:0,(anonymous_3)
FNDA:0,(anonymous_4)
FNDA:0,(anonymous_5)
FNDA:0,(anonymous_6)
FNDA:0,(anonymous_7)
FNDA:0,(anonymous_8)
FNDA:0,(anonymous_9)
FNDA:0,(anonymous_10)
FNDA:0,_fileName
FNDA:0,(anonymous_12)
FNDA:0,toFormData
FNDA:0,(anonymous_14)
FNDA:0,(anonymous_15)
FNDA:0,(anonymous_16)
FNDA:0,(anonymous_17)
FNDA:0,(anonymous_18)
FNDA:0,(anonymous_19)
FNDA:0,(anonymous_20)
FNDA:0,(anonymous_21)
DA:2,0
DA:3,0
DA:4,0
DA:9,0
DA:10,0
DA:11,0
DA:13,0
DA:14,0
DA:18,0
DA:19,0
DA:32,0
DA:33,0
DA:38,0
DA:39,0
DA:40,0
DA:41,0
DA:42,0
DA:43,0
DA:44,0
DA:46,0
DA:48,0
DA:55,0
DA:56,0
DA:58,0
DA:59,0
DA:60,0
DA:61,0
DA:62,0
DA:63,0
DA:64,0
DA:66,0
DA:68,0
DA:69,0
DA:70,0
DA:71,0
DA:72,0
DA:75,0
DA:76,0
DA:77,0
DA:84,0
DA:85,0
DA:86,0
DA:87,0
DA:88,0
DA:89,0
DA:90,0
DA:94,0
DA:95,0
DA:98,0
DA:99,0
DA:102,0
DA:103,0
DA:104,0
DA:108,0
DA:109,0
DA:110,0
DA:111,0
DA:114,0
DA:115,0
DA:116,0
DA:118,0
DA:119,0
DA:123,0
DA:124,0
DA:126,0
DA:128,0
DA:129,0
DA:130,0
DA:131,0
DA:132,0
DA:135,0
DA:136,0
DA:137,0
DA:138,0
DA:139,0
DA:140,0
DA:141,0
DA:142,0
DA:143,0
DA:144,0
DA:146,0
DA:149,0
DA:152,0
DA:153,0
DA:156,0
DA:157,0
DA:160,0
DA:162,0
DA:163,0
DA:164,0
DA:167,0
DA:168,0
DA:169,0
DA:170,0
DA:173,0
DA:174,0
DA:175,0
DA:178,0
DA:179,0
DA:181,0
DA:184,0
DA:185,0
DA:186,0
DA:189,0
DA:190,0
DA:191,0
DA:194,0
DA:196,0
DA:197,0
DA:200,0
DA:201,0
DA:204,0
DA:205,0
DA:206,0
DA:207,0
DA:210,0
DA:212,0
DA:213,0
DA:216,0
DA:217,0
DA:219,0
DA:220,0
DA:223,0
DA:224,0
DA:225,0
DA:227,0
DA:228,0
DA:231,0
DA:233,0
DA:235,0
DA:236,0
DA:237,0
DA:240,0
DA:241,0
DA:244,0
DA:245,0
DA:246,0
DA:247,0
DA:250,0
DA:252,0
DA:254,0
DA:255,0
DA:256,0
DA:258,0
DA:259,0
DA:261,0
DA:263,0
DA:265,0
DA:266,0
DA:267,0
DA:268,0
DA:270,0
DA:271,0
DA:272,0
DA:273,0
DA:274,0
DA:276,0
DA:277,0
DA:278,0
DA:279,0
DA:280,0
DA:282,0
DA:285,0
DA:289,0
DA:292,0
DA:293,0
DA:296,0
DA:297,0
DA:298,0
DA:299,0
DA:303,0
DA:306,0
DA:308,0
DA:310,0
DA:314,0
DA:315,0
DA:316,0
DA:319,0
DA:320,0
DA:321,0
DA:325,0
DA:327,0
DA:328,0
DA:329,0
DA:336,0
DA:337,0
DA:338,0
DA:341,0
DA:342,0
DA:343,0
DA:344,0
DA:345,0
DA:347,0
DA:351,0
DA:352,0
DA:355,0
DA:357,0
DA:358,0
DA:361,0
DA:369,0
DA:370,0
DA:372,0
DA:373,0
DA:376,0
DA:377,0
DA:380,0
DA:381,0
DA:382,0
DA:385,0
DA:386,0
DA:389,0
DA:390,0
DA:392,0
DA:393,0
DA:394,0
DA:396,0
DA:397,0
DA:398,0
DA:399,0
DA:400,0
DA:401,0
DA:402,0
DA:405,0
DA:406,0
DA:409,0
DA:410,0
DA:413,0
DA:414,0
DA:415,0
DA:417,0
DA:419,0
DA:421,0
DA:422,0
DA:425,0
DA:427,0
DA:428,0
DA:429,0
DA:431,0
DA:432,0
DA:435,0
DA:436,0
DA:439,0
DA:440,0
DA:443,0
DA:445,0
LF:245
LH:0
BRDA:103,0,0,0
BRDA:103,0,1,0
BRDA:103,1,0,0
BRDA:103,1,1,0
BRDA:104,2,0,0
BRDA:104,2,1,0
BRDA:110,3,0,0
BRDA:110,3,1,0
BRDA:114,4,0,0
BRDA:114,4,1,0
BRDA:126,5,0,0
BRDA:126,5,1,0
BRDA:126,5,2,0
BRDA:126,5,3,0
BRDA:126,5,4,0
BRDA:126,5,5,0
BRDA:126,5,6,0
BRDA:126,5,7,0
BRDA:126,5,8,0
BRDA:126,5,9,0
BRDA:126,5,10,0
BRDA:128,6,0,0
BRDA:128,6,1,0
BRDA:129,7,0,0
BRDA:129,7,1,0
BRDA:131,8,0,0
BRDA:131,8,1,0
BRDA:137,9,0,0
BRDA:137,9,1,0
BRDA:138,10,0,0
BRDA:138,10,1,0
BRDA:138,11,0,0
BRDA:138,11,1,0
BRDA:141,12,0,0
BRDA:141,12,1,0
BRDA:141,13,0,0
BRDA:141,13,1,0
BRDA:152,14,0,0
BRDA:152,14,1,0
BRDA:156,15,0,0
BRDA:156,15,1,0
BRDA:167,16,0,0
BRDA:167,16,1,0
BRDA:174,17,0,0
BRDA:174,17,1,0
BRDA:178,18,0,0
BRDA:178,18,1,0
BRDA:179,19,0,0
BRDA:179,19,1,0
BRDA:190,20,0,0
BRDA:190,20,1,0
BRDA:190,21,0,0
BRDA:190,21,1,0
BRDA:196,22,0,0
BRDA:196,22,1,0
BRDA:204,23,0,0
BRDA:204,23,1,0
BRDA:212,24,0,0
BRDA:212,24,1,0
BRDA:219,25,0,0
BRDA:219,25,1,0
BRDA:233,26,0,0
BRDA:233,26,1,0
BRDA:236,27,0,0
BRDA:236,27,1,0
BRDA:244,28,0,0
BRDA:244,28,1,0
BRDA:245,29,0,0
BRDA:245,29,1,0
BRDA:246,30,0,0
BRDA:246,30,1,0
BRDA:254,31,0,0
BRDA:254,31,1,0
BRDA:256,32,0,0
BRDA:256,32,1,0
BRDA:259,33,0,0
BRDA:259,33,1,0
BRDA:265,34,0,0
BRDA:265,34,1,0
BRDA:266,35,0,0
BRDA:266,35,1,0
BRDA:268,36,0,0
BRDA:268,36,1,0
BRDA:276,37,0,0
BRDA:276,37,1,0
BRDA:277,38,0,0
BRDA:277,38,1,0
BRDA:289,39,0,0
BRDA:289,39,1,0
BRDA:293,40,0,0
BRDA:293,40,1,0
BRDA:325,41,0,0
BRDA:325,41,1,0
BRDA:325,42,0,0
BRDA:325,42,1,0
BRDA:325,42,2,0
BRDA:325,42,3,0
BRDA:328,43,0,0
BRDA:328,43,1,0
BRDA:337,44,0,0
BRDA:337,44,1,0
BRDA:341,45,0,0
BRDA:341,45,1,0
BRDA:341,45,2,0
BRDA:351,46,0,0
BRDA:351,46,1,0
BRDA:357,47,0,0
BRDA:357,47,1,0
BRDA:361,48,0,0
BRDA:361,48,1,0
BRDA:417,49,0,0
BRDA:417,49,1,0
BRDA:421,50,0,0
BRDA:421,50,1,0
BRDA:422,51,0,0
BRDA:422,51,1,0
BRDA:422,51,2,0
BRDA:427,52,0,0
BRDA:427,52,1,0
BRDA:431,53,0,0
BRDA:431,53,1,0
BRF:121
BRH:0
end_of_record
TN:
SF:git-upstream-set-create-pr/dist/181.index.js
FN:6,(anonymous_0)
FN:29,(anonymous_1)
FN:38,(anonymous_2)
FN:41,(anonymous_3)
FN:43,noop
FN:47,typeIsObject
FN:51,setFunctionName
FN:68,newPromise
FN:72,promiseResolvedWith
FN:73,(anonymous_9)
FN:76,promiseRejectedWith
FN:79,PerformPromiseThen
FN:87,uponPromise
FN:90,uponFulfillment
FN:93,uponRejection
FN:96,transformPromiseWith
FN:99,setPromiseIsHandledToTrue
FN:102,(anonymous_17)
FN:108,(anonymous_18)
FN:112,reflectCall
FN:118,promiseCall
FN:137,(anonymous_21)
FN:153,(anonymous_22)
FN:160,(anonymous_23)
FN:180,(anonymous_24)
FN:209,(anonymous_25)
FN:228,(anonymous_26)
FN:241,ReadableStreamReaderGenericInitialize
FN:256,ReadableStreamReaderGenericCancel
FN:260,ReadableStreamReaderGenericRelease
FN:273,readerLockException
FN:277,defaultReaderClosedPromiseInitialize
FN:278,(anonymous_32)
FN:283,defaultReaderClosedPromiseInitializeAsRejected
FN:287,defaultReaderClosedPromiseInitializeAsResolved
FN:291,defaultReaderClosedPromiseReject
FN:300,defaultReaderClosedPromiseResetToRejected
FN:303,defaultReaderClosedPromiseResolve
FN:314,(anonymous_38)
FN:320,(anonymous_39)
FN:325,isDictionary
FN:328,assertDictionary
FN:334,assertFunction
FN:340,isObject
FN:343,assertObject
FN:348,assertRequiredArgument
FN:353,assertRequiredField
FN:359,convertUnrestrictedDouble
FN:362,censorNegativeZero
FN:365,integerPart
FN:369,convertUnsignedLongLongWithEnforceRange
FN:391,assertReadableStream
FN:398,AcquireReadableStreamDefaultReader
FN:402,ReadableStreamAddReadRequest
FN:405,ReadableStreamFulfillReadRequest
FN:415,ReadableStreamGetNumReadRequests
FN:418,ReadableStreamHasDefaultReader
FN:434,(anonymous_57)
FN:447,(anonymous_58)
FN:456,(anonymous_59)
FN:470,(anonymous_60)
FN:479,(anonymous_61)
FN:484,(anonymous_62)
FN:485,(anonymous_63)
FN:486,(anonymous_64)
FN:500,(anonymous_65)
FN:526,IsReadableStreamDefaultReader
FN:535,ReadableStreamDefaultReaderRead
FN:548,ReadableStreamDefaultReaderRelease
FN:553,ReadableStreamDefaultReaderErrorReadRequests
FN:556,(anonymous_70)
FN:561,defaultReaderBrandCheckException
FN:567,(anonymous_72)
FN:571,(anonymous_73)
FN:577,(anonymous_74)
FN:578,(anonymous_75)
FN:584,(anonymous_76)
FN:585,(anonymous_77)
FN:590,(anonymous_78)
FN:597,(anonymous_79)
FN:602,(anonymous_80)
FN:606,(anonymous_81)
FN:608,(anonymous_82)
FN:614,(anonymous_83)
FN:624,(anonymous_84)
FN:633,(anonymous_85)
FN:640,(anonymous_86)
FN:646,(anonymous_87)
FN:655,AcquireReadableStreamAsyncIterator
FN:662,IsReadableStreamAsyncIterator
FN:679,streamAsyncIteratorBrandCheckException
FN:685,(anonymous_91)
FN:691,CreateArrayFromList
FN:696,CopyDataBlockBytes
FN:699,(anonymous_94)
FN:701,(anonymous_95)
FN:704,(anonymous_96)
FN:708,(anonymous_97)
FN:712,(anonymous_98)
FN:714,(anonymous_99)
FN:718,(anonymous_100)
FN:722,ArrayBufferSlice
FN:733,GetMethod
FN:743,CreateAsyncFromSyncIterator
FN:748,(anonymous_104)
FN:751,(anonymous_105)
FN:760,GetIterator
FN:784,IteratorNext
FN:791,IteratorComplete
FN:794,IteratorValue
FN:798,IsNonNegativeNumber
FN:810,CloneAsUint8Array
FN:815,DequeueValue
FN:823,EnqueueValueWithSize
FN:830,PeekQueueValue
FN:834,ResetQueue
FN:839,isDataViewConstructor
FN:842,isDataView
FN:845,arrayBufferViewElementSize
FN:858,(anonymous_119)
FN:864,(anonymous_120)
FN:870,(anonymous_121)
FN:884,(anonymous_122)
FN:920,(anonymous_123)
FN:926,(anonymous_124)
FN:936,(anonymous_125)
FN:946,(anonymous_126)
FN:959,(anonymous_127)
FN:985,(anonymous_128)
FN:992,(anonymous_129)
FN:1000,(anonymous_130)
FN:1033,(anonymous_131)
FN:1059,IsReadableByteStreamController
FN:1068,IsReadableStreamBYOBRequest
FN:1077,ReadableByteStreamControllerCallPullIfNeeded
FN:1089,(anonymous_135)
FN:1096,(anonymous_136)
FN:1101,ReadableByteStreamControllerClearPendingPullIntos
FN:1105,ReadableByteStreamControllerCommitPullIntoDescriptor
FN:1118,ReadableByteStreamControllerConvertPullIntoDescriptor
FN:1123,ReadableByteStreamControllerEnqueueChunkToQueue
FN:1127,ReadableByteStreamControllerEnqueueClonedChunkToQueue
FN:1138,ReadableByteStreamControllerEnqueueDetachedPullIntoToQueue
FN:1144,ReadableByteStreamControllerFillPullIntoDescriptorFromQueue
FN:1176,ReadableByteStreamControllerFillHeadPullIntoDescriptor
FN:1179,ReadableByteStreamControllerHandleQueueDrain
FN:1188,ReadableByteStreamControllerInvalidateBYOBRequest
FN:1196,ReadableByteStreamControllerProcessPullIntoDescriptorsUsingQueue
FN:1208,ReadableByteStreamControllerProcessReadRequestsUsingQueue
FN:1218,ReadableByteStreamControllerPullInto
FN:1274,ReadableByteStreamControllerRespondInClosedState
FN:1286,ReadableByteStreamControllerRespondInReadableState
FN:1308,ReadableByteStreamControllerRespondInternal
FN:1320,ReadableByteStreamControllerShiftPendingPullInto
FN:1324,ReadableByteStreamControllerShouldCallPull
FN:1347,ReadableByteStreamControllerClearAlgorithms
FN:1352,ReadableByteStreamControllerClose
FN:1372,ReadableByteStreamControllerEnqueue
FN:1416,ReadableByteStreamControllerError
FN:1426,ReadableByteStreamControllerFillReadRequestFromQueue
FN:1433,ReadableByteStreamControllerGetBYOBRequest
FN:1443,ReadableByteStreamControllerGetDesiredSize
FN:1453,ReadableByteStreamControllerRespond
FN:1472,ReadableByteStreamControllerRespondWithNewView
FN:1498,SetUpReadableByteStreamController
FN:1515,(anonymous_165)
FN:1519,(anonymous_166)
FN:1524,SetUpReadableByteStreamControllerFromUnderlyingSource
FN:1530,(anonymous_168)
FN:1533,(anonymous_169)
FN:1536,(anonymous_170)
FN:1539,(anonymous_171)
FN:1542,(anonymous_172)
FN:1545,(anonymous_173)
FN:1553,SetUpReadableStreamBYOBRequest
FN:1558,byobRequestBrandCheckException
FN:1562,byteStreamControllerBrandCheckException
FN:1566,convertReaderOptions
FN:1573,convertReadableStreamReaderMode
FN:1580,convertByobReadOptions
FN:1590,AcquireReadableStreamBYOBReader
FN:1594,ReadableStreamAddReadIntoRequest
FN:1597,ReadableStreamFulfillReadIntoRequest
FN:1607,ReadableStreamGetNumReadIntoRequests
FN:1610,ReadableStreamHasBYOBReader
FN:1626,(anonymous_185)
FN:1643,(anonymous_186)
FN:1652,(anonymous_187)
FN:1661,(anonymous_188)
FN:1701,(anonymous_189)
FN:1706,(anonymous_190)
FN:1707,(anonymous_191)
FN:1708,(anonymous_192)
FN:1722,(anonymous_193)
FN:1748,IsReadableStreamBYOBReader
FN:1757,ReadableStreamBYOBReaderRead
FN:1767,ReadableStreamBYOBReaderRelease
FN:1772,ReadableStreamBYOBReaderErrorReadIntoRequests
FN:1775,(anonymous_198)
FN:1780,byobReaderBrandCheckException
FN:1784,ExtractHighWaterMark
FN:1794,ExtractSizeAlgorithm
FN:1797,(anonymous_202)
FN:1802,convertQueuingStrategy
FN:1811,convertQueuingStrategySize
FN:1813,(anonymous_205)
FN:1816,convertUnderlyingSink
FN:1839,convertUnderlyingSinkAbortCallback
FN:1841,(anonymous_208)
FN:1843,convertUnderlyingSinkCloseCallback
FN:1845,(anonymous_210)
FN:1847,convertUnderlyingSinkStartCallback
FN:1849,(anonymous_212)
FN:1851,convertUnderlyingSinkWriteCallback
FN:1853,(anonymous_214)
FN:1856,assertWritableStream
FN:1862,isAbortSignal
FN:1880,createAbortController
FN:1893,(anonymous_218)
FN:1914,(anonymous_219)
FN:1929,(anonymous_220)
FN:1946,(anonymous_221)
FN:1966,(anonymous_222)
FN:1989,AcquireWritableStreamDefaultWriter
FN:1993,CreateWritableStream
FN:1993,(anonymous_225)
FN:2000,InitializeWritableStream
FN:2026,IsWritableStream
FN:2035,IsWritableStreamLocked
FN:2041,WritableStreamAbort
FN:2064,(anonymous_230)
FN:2079,WritableStreamClose
FN:2084,(anonymous_232)
FN:2099,WritableStreamAddWriteRequest
FN:2100,(anonymous_234)
FN:2109,WritableStreamDealWithRejection
FN:2117,WritableStreamStartErroring
FN:2129,WritableStreamFinishErroring
FN:2133,(anonymous_238)
FN:2149,(anonymous_239)
FN:2153,(anonymous_240)
FN:2159,WritableStreamFinishInFlightWrite
FN:2163,WritableStreamFinishInFlightWriteWithError
FN:2168,WritableStreamFinishInFlightClose
FN:2186,WritableStreamFinishInFlightCloseWithError
FN:2197,WritableStreamCloseQueuedOrInFlight
FN:2203,WritableStreamHasOperationMarkedInFlight
FN:2209,WritableStreamMarkCloseRequestInFlight
FN:2213,WritableStreamMarkFirstWriteRequestInFlight
FN:2216,WritableStreamRejectCloseAndClosedPromiseIfNeeded
FN:2226,WritableStreamUpdateBackpressure
FN:2244,(anonymous_251)
FN:2280,(anonymous_252)
FN:2294,(anonymous_253)
FN:2311,(anonymous_254)
FN:2320,(anonymous_255)
FN:2332,(anonymous_256)
FN:2355,(anonymous_257)
FN:2365,(anonymous_258)
FN:2395,IsWritableStreamDefaultWriter
FN:2405,WritableStreamDefaultWriterAbort
FN:2409,WritableStreamDefaultWriterClose
FN:2413,WritableStreamDefaultWriterCloseWithErrorPropagation
FN:2424,WritableStreamDefaultWriterEnsureClosedPromiseRejected
FN:2432,WritableStreamDefaultWriterEnsureReadyPromiseRejected
FN:2440,WritableStreamDefaultWriterGetDesiredSize
FN:2451,WritableStreamDefaultWriterRelease
FN:2461,WritableStreamDefaultWriterWrite
FN:2489,(anonymous_268)
FN:2499,(anonymous_269)
FN:2508,(anonymous_270)
FN:2527,(anonymous_271)
FN:2540,(anonymous_272)
FN:2546,(anonymous_273)
FN:2562,IsWritableStreamDefaultController
FN:2571,SetUpWritableStreamDefaultController
FN:2590,(anonymous_276)
FN:2594,(anonymous_277)
FN:2600,SetUpWritableStreamDefaultControllerFromUnderlyingSink
FN:2607,(anonymous_279)
FN:2610,(anonymous_280)
FN:2613,(anonymous_281)
FN:2616,(anonymous_282)
FN:2619,(anonymous_283)
FN:2622,(anonymous_284)
FN:2625,(anonymous_285)
FN:2628,(anonymous_286)
FN:2633,WritableStreamDefaultControllerClearAlgorithms
FN:2639,WritableStreamDefaultControllerClose
FN:2643,WritableStreamDefaultControllerGetChunkSize
FN:2652,WritableStreamDefaultControllerGetDesiredSize
FN:2655,WritableStreamDefaultControllerWrite
FN:2671,WritableStreamDefaultControllerAdvanceQueueIfNeeded
FN:2695,WritableStreamDefaultControllerErrorIfNeeded
FN:2700,WritableStreamDefaultControllerProcessClose
FN:2706,(anonymous_295)
FN:2709,(anonymous_296)
FN:2714,WritableStreamDefaultControllerProcessWrite
FN:2718,(anonymous_298)
FN:2728,(anonymous_299)
FN:2736,WritableStreamDefaultControllerGetBackpressure
FN:2741,WritableStreamDefaultControllerError
FN:2747,streamBrandCheckException$2
FN:2751,defaultControllerBrandCheckException$2
FN:2755,defaultWriterBrandCheckException
FN:2758,defaultWriterLockException
FN:2761,defaultWriterClosedPromiseInitialize
FN:2762,(anonymous_307)
FN:2768,defaultWriterClosedPromiseInitializeAsRejected
FN:2772,defaultWriterClosedPromiseInitializeAsResolved
FN:2776,defaultWriterClosedPromiseReject
FN:2786,defaultWriterClosedPromiseResetToRejected
FN:2789,defaultWriterClosedPromiseResolve
FN:2798,defaultWriterReadyPromiseInitialize
FN:2799,(anonymous_314)
FN:2805,defaultWriterReadyPromiseInitializeAsRejected
FN:2809,defaultWriterReadyPromiseInitializeAsResolved
FN:2813,defaultWriterReadyPromiseReject
FN:2823,defaultWriterReadyPromiseReset
FN:2826,defaultWriterReadyPromiseResetToRejected
FN:2829,defaultWriterReadyPromiseResolve
FN:2840,getGlobals
FN:2855,isDOMExceptionConstructor
FN:2875,getFromGlobal
FN:2883,createPolyfill
FN:2885,DOMException
FN:2900,ReadableStreamPipeTo
FN:2907,(anonymous_327)
FN:2910,(anonymous_328)
FN:2914,(anonymous_329)
FN:2922,(anonymous_330)
FN:2929,(anonymous_331)
FN:2929,(anonymous_332)
FN:2940,pipeLoop
FN:2941,(anonymous_334)
FN:2942,next
FN:2955,pipeStep
FN:2959,(anonymous_337)
FN:2960,(anonymous_338)
FN:2962,(anonymous_339)
FN:2966,(anonymous_340)
FN:2973,(anonymous_341)
FN:2975,(anonymous_342)
FN:2983,(anonymous_343)
FN:2985,(anonymous_344)
FN:2993,(anonymous_345)
FN:2995,(anonymous_346)
FN:3006,(anonymous_347)
FN:3013,waitForWritesToFinish
FN:3017,(anonymous_349)
FN:3019,isOrBecomesErrored
FN:3027,isOrBecomesClosed
FN:3035,shutdownWithAction
FN:3046,doTheRest
FN:3047,(anonymous_354)
FN:3047,(anonymous_355)
FN:3051,shutdown
FN:3057,(anonymous_357)
FN:3063,finalize
FN:3086,(anonymous_359)
FN:3093,(anonymous_360)
FN:3103,(anonymous_361)
FN:3112,(anonymous_362)
FN:3124,(anonymous_363)
FN:3131,(anonymous_364)
FN:3138,(anonymous_365)
FN:3157,(anonymous_366)
FN:3177,IsReadableStreamDefaultController
FN:3186,ReadableStreamDefaultControllerCallPullIfNeeded
FN:3197,(anonymous_369)
FN:3204,(anonymous_370)
FN:3209,ReadableStreamDefaultControllerShouldCallPull
FN:3226,ReadableStreamDefaultControllerClearAlgorithms
FN:3232,ReadableStreamDefaultControllerClose
FN:3243,ReadableStreamDefaultControllerEnqueue
FN:3270,ReadableStreamDefaultControllerError
FN:3279,ReadableStreamDefaultControllerGetDesiredSize
FN:3290,ReadableStreamDefaultControllerHasBackpressure
FN:3296,ReadableStreamDefaultControllerCanCloseOrEnqueue
FN:3303,SetUpReadableStreamDefaultController
FN:3318,(anonymous_380)
FN:3322,(anonymous_381)
FN:3327,SetUpReadableStreamDefaultControllerFromUnderlyingSource
FN:3333,(anonymous_383)
FN:3336,(anonymous_384)
FN:3339,(anonymous_385)
FN:3342,(anonymous_386)
FN:3345,(anonymous_387)
FN:3348,(anonymous_388)
FN:3353,defaultControllerBrandCheckException$1
FN:3357,ReadableStreamTee
FN:3363,ReadableStreamDefaultTee
FN:3374,(anonymous_392)
FN:3377,pullAlgorithm
FN:3384,(anonymous_394)
FN:3388,(anonymous_395)
FN:3409,(anonymous_396)
FN:3421,(anonymous_397)
FN:3428,cancel1Algorithm
FN:3438,cancel2Algorithm
FN:3448,startAlgorithm
FN:3453,(anonymous_401)
FN:3463,ReadableByteStreamTee
FN:3475,(anonymous_403)
FN:3478,forwardReaderError
FN:3479,(anonymous_405)
FN:3491,pullWithDefaultReader
FN:3498,(anonymous_407)
FN:3502,(anonymous_408)
FN:3533,(anonymous_409)
FN:3551,(anonymous_410)
FN:3557,pullWithBYOBReader
FN:3566,(anonymous_412)
FN:3570,(anonymous_413)
FN:3603,(anonymous_414)
FN:3625,(anonymous_415)
FN:3631,pull1Algorithm
FN:3646,pull2Algorithm
FN:3661,cancel1Algorithm
FN:3671,cancel2Algorithm
FN:3681,startAlgorithm
FN:3690,isReadableStreamLike
FN:3694,ReadableStreamFrom
FN:3700,ReadableStreamFromIterable
FN:3704,pullAlgorithm
FN:3713,(anonymous_425)
FN:3727,cancelAlgorithm
FN:3747,(anonymous_427)
FN:3757,ReadableStreamFromDefaultReader
FN:3760,pullAlgorithm
FN:3768,(anonymous_430)
FN:3781,cancelAlgorithm
FN:3793,convertUnderlyingDefaultOrByteSource
FN:3817,convertUnderlyingSourceCancelCallback
FN:3819,(anonymous_434)
FN:3821,convertUnderlyingSourcePullCallback
FN:3823,(anonymous_436)
FN:3825,convertUnderlyingSourceStartCallback
FN:3827,(anonymous_438)
FN:3829,convertReadableStreamType
FN:3837,convertIteratorOptions
FN:3843,convertPipeOptions
FN:3859,assertAbortSignal
FN:3865,convertReadableWritablePair
FN:3882,(anonymous_444)
FN:3908,(anonymous_445)
FN:3920,(anonymous_446)
FN:3929,(anonymous_447)
FN:3939,(anonymous_448)
FN:3956,(anonymous_449)
FN:3992,(anonymous_450)
FN:3999,(anonymous_451)
FN:4006,(anonymous_452)
FN:4016,(anonymous_453)
FN:4052,CreateReadableStream
FN:4052,(anonymous_455)
FN:4060,CreateReadableByteStream
FN:4067,InitializeReadableStream
FN:4073,IsReadableStream
FN:4082,IsReadableStreamLocked
FN:4089,ReadableStreamCancel
FN:4102,(anonymous_461)
FN:4109,ReadableStreamClose
FN:4119,(anonymous_463)
FN:4124,ReadableStreamError
FN:4140,streamBrandCheckException$1
FN:4144,convertQueuingStrategyInit
FN:4154,(anonymous_467)
FN:4164,(anonymous_468)
FN:4172,(anonymous_469)
FN:4181,(anonymous_470)
FN:4199,byteLengthBrandCheckException
FN:4202,IsByteLengthQueuingStrategy
FN:4213,(anonymous_473)
FN:4223,(anonymous_474)
FN:4231,(anonymous_475)
FN:4241,(anonymous_476)
FN:4259,countBrandCheckException
FN:4262,IsCountQueuingStrategy
FN:4272,convertTransformer
FN:4297,convertTransformerFlushCallback
FN:4299,(anonymous_481)
FN:4301,convertTransformerStartCallback
FN:4303,(anonymous_483)
FN:4305,convertTransformerTransformCallback
FN:4307,(anonymous_485)
FN:4309,convertTransformerCancelCallback
FN:4311,(anonymous_487)
FN:4324,(anonymous_488)
FN:4342,(anonymous_489)
FN:4357,(anonymous_490)
FN:4366,(anonymous_491)
FN:4383,InitializeTransformStream
FN:4384,startAlgorithm
FN:4387,writeAlgorithm
FN:4390,abortAlgorithm
FN:4393,closeAlgorithm
FN:4397,pullAlgorithm
FN:4400,cancelAlgorithm
FN:4411,IsTransformStream
FN:4421,TransformStreamError
FN:4425,TransformStreamErrorWritableAndUnblockWrite
FN:4430,TransformStreamUnblockWrite
FN:4438,TransformStreamSetBackpressure
FN:4443,(anonymous_504)
FN:4455,(anonymous_505)
FN:4461,(anonymous_506)
FN:4468,(anonymous_507)
FN:4478,(anonymous_508)
FN:4488,(anonymous_509)
FN:4511,IsTransformStreamDefaultController
FN:4520,SetUpTransformStreamDefaultController
FN:4530,SetUpTransformStreamDefaultControllerFromTransformer
FN:4536,(anonymous_513)
FN:4539,(anonymous_514)
FN:4550,(anonymous_515)
FN:4553,(anonymous_516)
FN:4556,(anonymous_517)
FN:4559,(anonymous_518)
FN:4563,TransformStreamDefaultControllerClearAlgorithms
FN:4568,TransformStreamDefaultControllerEnqueue
FN:4589,TransformStreamDefaultControllerError
FN:4592,TransformStreamDefaultControllerPerformTransform
FN:4594,(anonymous_523)
FN:4599,TransformStreamDefaultControllerTerminate
FN:4607,TransformStreamDefaultSinkWriteAlgorithm
FN:4611,(anonymous_526)
FN:4622,TransformStreamDefaultSinkAbortAlgorithm
FN:4631,(anonymous_528)
FN:4637,(anonymous_529)
FN:4646,(anonymous_530)
FN:4653,TransformStreamDefaultSinkCloseAlgorithm
FN:4662,(anonymous_532)
FN:4668,(anonymous_533)
FN:4677,(anonymous_534)
FN:4685,TransformStreamDefaultSourcePullAlgorithm
FN:4691,TransformStreamDefaultSourceCancelAlgorithm
FN:4701,(anonymous_537)
FN:4707,(anonymous_538)
FN:4717,(anonymous_539)
FN:4726,defaultControllerBrandCheckException
FN:4729,defaultControllerFinishPromiseResolve
FN:4737,defaultControllerFinishPromiseReject
FN:4747,streamBrandCheckException
FN:4772,(anonymous_544)
FN:4786,(anonymous_545)
FN:4804,name
FN:4810,(anonymous_547)
FN:4830,(anonymous_548)
FN:4834,(anonymous_549)
FN:4849,(anonymous_550)
FN:4866,(anonymous_551)
FN:4870,(anonymous_552)
FN:4874,(anonymous_553)
FN:4878,(anonymous_554)
FN:4892,(anonymous_555)
FN:4896,(anonymous_556)
FN:4897,(anonymous_557)
FN:4898,(anonymous_558)
FN:4899,(anonymous_559)
FN:4900,(anonymous_560)
FN:4901,(anonymous_561)
FN:4921,(anonymous_562)
FN:4928,(anonymous_563)
FN:4928,(anonymous_564)
FN:4935,(anonymous_565)
FN:4935,(anonymous_566)
FN:4941,(anonymous_567)
FN:4944,(anonymous_568)
FN:4952,(anonymous_569)
FN:4970,(anonymous_570)
FN:4981,(anonymous_571)
FN:4990,(anonymous_572)
FN:5001,(anonymous_573)
FN:5013,(anonymous_574)
FN:5017,(anonymous_575)
FN:5032,toIterator
FN:5078,(anonymous_577)
FN:5119,(anonymous_578)
FN:5126,(anonymous_579)
FN:5137,(anonymous_580)
FN:5157,(anonymous_581)
FN:5173,(anonymous_582)
FN:5179,(anonymous_583)
FN:5184,(anonymous_584)
FN:5199,(anonymous_585)
FN:5244,(anonymous_586)
FN:5248,(anonymous_587)
FN:5276,(anonymous_588)
FN:5280,(anonymous_589)
FN:5281,(anonymous_590)
FN:5294,(anonymous_591)
FN:5295,(anonymous_592)
FN:5296,(anonymous_593)
FN:5303,(anonymous_594)
FN:5304,(anonymous_595)
FN:5305,(anonymous_596)
FN:5306,(anonymous_597)
FN:5306,(anonymous_598)
FN:5307,(anonymous_599)
FN:5308,(anonymous_600)
FN:5308,(anonymous_601)
FN:5309,(anonymous_602)
FN:5310,(anonymous_603)
FN:5310,(anonymous_604)
FN:5311,(anonymous_605)
FN:5311,(anonymous_606)
FN:5312,(anonymous_607)
FN:5313,(anonymous_608)
FN:5313,(anonymous_609)
FN:5314,(anonymous_610)
FN:5315,(anonymous_611)
FN:5316,(anonymous_612)
FN:5319,formDataToBlob
FN:5321,(anonymous_614)
FN:5331,(anonymous_615)
FN:5339,(anonymous_616)
FN:5340,(anonymous_617)
FN:5341,(anonymous_618)
FN:5342,(anonymous_619)
FN:5343,(anonymous_620)
FN:5344,(anonymous_621)
FN:5345,(anonymous_622)
FN:5346,(anonymous_623)
FN:5347,(anonymous_624)
FN:5348,(anonymous_625)
FN:5349,(anonymous_626)
FN:5350,(anonymous_627)
FN:5351,(anonymous_628)
FN:5352,(anonymous_629)
FN:5373,dataUriToBuffer
FN:5427,(anonymous_631)
FN:5435,(anonymous_632)
FN:5439,(anonymous_633)
FN:5461,(anonymous_634)
FN:5487,(anonymous_635)
FN:5506,(anonymous_636)
FN:5523,(anonymous_637)
FN:5540,(anonymous_638)
FN:5554,(anonymous_639)
FN:5593,(anonymous_640)
FN:5644,(anonymous_641)
FN:5653,(anonymous_642)
FN:5657,(anonymous_643)
FN:5666,(anonymous_644)
FN:5671,(anonymous_645)
FN:5694,(anonymous_646)
FN:5708,(anonymous_647)
FN:5718,(anonymous_648)
FN:5728,(anonymous_649)
FN:5743,(anonymous_650)
FN:5755,consumeBody
FN:5801,(anonymous_652)
FN:5821,(anonymous_653)
FN:5848,(anonymous_654)
FN:5863,(anonymous_655)
FN:5916,(anonymous_656)
FN:5950,(anonymous_657)
FN:5973,(anonymous_658)
FN:5984,(anonymous_659)
FN:6011,(anonymous_660)
FN:6018,(anonymous_661)
FN:6036,(anonymous_662)
FN:6044,(anonymous_663)
FN:6059,(anonymous_664)
FN:6071,(anonymous_665)
FN:6075,(anonymous_666)
FN:6088,(anonymous_667)
FN:6097,(anonymous_668)
FN:6110,(anonymous_669)
FN:6114,(anonymous_670)
FN:6118,(anonymous_671)
FN:6132,(anonymous_672)
FN:6138,(anonymous_673)
FN:6147,(anonymous_674)
FN:6153,(anonymous_675)
FN:6162,(anonymous_676)
FN:6163,(anonymous_677)
FN:6172,(anonymous_678)
FN:6173,(anonymous_679)
FN:6194,(anonymous_680)
FN:6205,fromRawHeaders
FN:6209,(anonymous_682)
FN:6216,(anonymous_683)
FN:6238,(anonymous_684)
FN:6265,(anonymous_685)
FN:6291,(anonymous_686)
FN:6295,(anonymous_687)
FN:6299,(anonymous_688)
FN:6306,(anonymous_689)
FN:6310,(anonymous_690)
FN:6314,(anonymous_691)
FN:6318,(anonymous_692)
FN:6322,(anonymous_693)
FN:6331,(anonymous_694)
FN:6350,(anonymous_695)
FN:6363,(anonymous_696)
FN:6369,(anonymous_697)
FN:6388,(anonymous_698)
FN:6407,(anonymous_699)
FN:6437,stripURLForUseAsAReferrer
FN:6501,validateReferrerPolicy
FN:6514,isOriginPotentiallyTrustworthy
FN:6565,isUrlPotentiallyTrustworthy
FN:6611,determineRequestsReferrer
FN:6739,parseReferrerPolicyFromHeader
FN:6786,(anonymous_706)
FN:6793,(anonymous_707)
FN:6807,(anonymous_708)
FN:6906,(anonymous_709)
FN:6911,(anonymous_710)
FN:6916,(anonymous_711)
FN:6920,(anonymous_712)
FN:6925,(anonymous_713)
FN:6930,(anonymous_714)
FN:6946,(anonymous_715)
FN:6950,(anonymous_716)
FN:6959,(anonymous_717)
FN:6963,(anonymous_718)
FN:6985,(anonymous_719)
FN:7081,(anonymous_720)
FN:7129,fetch
FN:7130,(anonymous_722)
FN:7150,(anonymous_723)
FN:7169,(anonymous_724)
FN:7181,(anonymous_725)
FN:7188,(anonymous_726)
FN:7193,(anonymous_727)
FN:7203,(anonymous_728)
FN:7205,(anonymous_729)
FN:7208,(anonymous_730)
FN:7219,(anonymous_731)
FN:7329,(anonymous_732)
FN:7334,(anonymous_733)
FN:7384,(anonymous_734)
FN:7398,(anonymous_735)
FN:7403,(anonymous_736)
FN:7406,(anonymous_737)
FN:7412,(anonymous_738)
FN:7422,(anonymous_739)
FN:7435,(anonymous_740)
FN:7455,fixResponseChunkedTransferBadEnding
FN:7462,(anonymous_742)
FN:7467,(anonymous_743)
FN:7468,(anonymous_744)
FN:7476,(anonymous_745)
FN:7493,(anonymous_746)
FNF:747
FNH:0
FNDA:0,(anonymous_0)
FNDA:0,(anonymous_1)
FNDA:0,(anonymous_2)
FNDA:0,(anonymous_3)
FNDA:0,noop
FNDA:0,typeIsObject
FNDA:0,setFunctionName
FNDA:0,newPromise
FNDA:0,promiseResolvedWith
FNDA:0,(anonymous_9)
FNDA:0,promiseRejectedWith
FNDA:0,PerformPromiseThen
FNDA:0,uponPromise
FNDA:0,uponFulfillment
FNDA:0,uponRejection
FNDA:0,transformPromiseWith
FNDA:0,setPromiseIsHandledToTrue
FNDA:0,(anonymous_17)
FNDA:0,(anonymous_18)
FNDA:0,reflectCall
FNDA:0,promiseCall
FNDA:0,(anonymous_21)
FNDA:0,(anonymous_22)
FNDA:0,(anonymous_23)
FNDA:0,(anonymous_24)
FNDA:0,(anonymous_25)
FNDA:0,(anonymous_26)
FNDA:0,ReadableStreamReaderGenericInitialize
FNDA:0,ReadableStreamReaderGenericCancel
FNDA:0,ReadableStreamReaderGenericRelease
FNDA:0,readerLockException
FNDA:0,defaultReaderClosedPromiseInitialize
FNDA:0,(anonymous_32)
FNDA:0,defaultReaderClosedPromiseInitializeAsRejected
FNDA:0,defaultReaderClosedPromiseInitializeAsResolved
FNDA:0,defaultReaderClosedPromiseReject
FNDA:0,defaultReaderClosedPromiseResetToRejected
FNDA:0,defaultReaderClosedPromiseResolve
FNDA:0,(anonymous_38)
FNDA:0,(anonymous_39)
FNDA:0,isDictionary
FNDA:0,assertDictionary
FNDA:0,assertFunction
FNDA:0,isObject
FNDA:0,assertObject
FNDA:0,assertRequiredArgument
FNDA:0,assertRequiredField
FNDA:0,convertUnrestrictedDouble
FNDA:0,censorNegativeZero
FNDA:0,integerPart
FNDA:0,convertUnsignedLongLongWithEnforceRange
FNDA:0,assertReadableStream
FNDA:0,AcquireReadableStreamDefaultReader
FNDA:0,ReadableStreamAddReadRequest
FNDA:0,ReadableStreamFulfillReadRequest
FNDA:0,ReadableStreamGetNumReadRequests
FNDA:0,ReadableStreamHasDefaultReader
FNDA:0,(anonymous_57)
FNDA:0,(anonymous_58)
FNDA:0,(anonymous_59)
FNDA:0,(anonymous_60)
FNDA:0,(anonymous_61)
FNDA:0,(anonymous_62)
FNDA:0,(anonymous_63)
FNDA:0,(anonymous_64)
FNDA:0,(anonymous_65)
FNDA:0,IsReadableStreamDefaultReader
FNDA:0,ReadableStreamDefaultReaderRead
FNDA:0,ReadableStreamDefaultReaderRelease
FNDA:0,ReadableStreamDefaultReaderErrorReadRequests
FNDA:0,(anonymous_70)
FNDA:0,defaultReaderBrandCheckException
FNDA:0,(anonymous_72)
FNDA:0,(anonymous_73)
FNDA:0,(anonymous_74)
FNDA:0,(anonymous_75)
FNDA:0,(anonymous_76)
FNDA:0,(anonymous_77)
FNDA:0,(anonymous_78)
FNDA:0,(anonymous_79)
FNDA:0,(anonymous_80)
FNDA:0,(anonymous_81)
FNDA:0,(anonymous_82)
FNDA:0,(anonymous_83)
FNDA:0,(anonymous_84)
FNDA:0,(anonymous_85)
FNDA:0,(anonymous_86)
FNDA:0,(anonymous_87)
FNDA:0,AcquireReadableStreamAsyncIterator
FNDA:0,IsReadableStreamAsyncIterator
FNDA:0,streamAsyncIteratorBrandCheckException
FNDA:0,(anonymous_91)
FNDA:0,CreateArrayFromList
FNDA:0,CopyDataBlockBytes
FNDA:0,(anonymous_94)
FNDA:0,(anonymous_95)
FNDA:0,(anonymous_96)
FNDA:0,(anonymous_97)
FNDA:0,(anonymous_98)
FNDA:0,(anonymous_99)
FNDA:0,(anonymous_100)
FNDA:0,ArrayBufferSlice
FNDA:0,GetMethod
FNDA:0,CreateAsyncFromSyncIterator
FNDA:0,(anonymous_104)
FNDA:0,(anonymous_105)
FNDA:0,GetIterator
FNDA:0,IteratorNext
FNDA:0,IteratorComplete
FNDA:0,IteratorValue
FNDA:0,IsNonNegativeNumber
FNDA:0,CloneAsUint8Array
FNDA:0,DequeueValue
FNDA:0,EnqueueValueWithSize
FNDA:0,PeekQueueValue
FNDA:0,ResetQueue
FNDA:0,isDataViewConstructor
FNDA:0,isDataView
FNDA:0,arrayBufferViewElementSize
FNDA:0,(anonymous_119)
FNDA:0,(anonymous_120)
FNDA:0,(anonymous_121)
FNDA:0,(anonymous_122)
FNDA:0,(anonymous_123)
FNDA:0,(anonymous_124)
FNDA:0,(anonymous_125)
FNDA:0,(anonymous_126)
FNDA:0,(anonymous_127)
FNDA:0,(anonymous_128)
FNDA:0,(anonymous_129)
FNDA:0,(anonymous_130)
FNDA:0,(anonymous_131)
FNDA:0,IsReadableByteStreamController
FNDA:0,IsReadableStreamBYOBRequest
FNDA:0,ReadableByteStreamControllerCallPullIfNeeded
FNDA:0,(anonymous_135)
FNDA:0,(anonymous_136)
FNDA:0,ReadableByteStreamControllerClearPendingPullIntos
FNDA:0,ReadableByteStreamControllerCommitPullIntoDescriptor
FNDA:0,ReadableByteStreamControllerConvertPullIntoDescriptor
FNDA:0,ReadableByteStreamControllerEnqueueChunkToQueue
FNDA:0,ReadableByteStreamControllerEnqueueClonedChunkToQueue
FNDA:0,ReadableByteStreamControllerEnqueueDetachedPullIntoToQueue
FNDA:0,ReadableByteStreamControllerFillPullIntoDescriptorFromQueue
FNDA:0,ReadableByteStreamControllerFillHeadPullIntoDescriptor
FNDA:0,ReadableByteStreamControllerHandleQueueDrain
FNDA:0,ReadableByteStreamControllerInvalidateBYOBRequest
FNDA:0,ReadableByteStreamControllerProcessPullIntoDescriptorsUsingQueue
FNDA:0,ReadableByteStreamControllerProcessReadRequestsUsingQueue
FNDA:0,ReadableByteStreamControllerPullInto
FNDA:0,ReadableByteStreamControllerRespondInClosedState
FNDA:0,ReadableByteStreamControllerRespondInReadableState
FNDA:0,ReadableByteStreamControllerRespondInternal
FNDA:0,ReadableByteStreamControllerShiftPendingPullInto
FNDA:0,ReadableByteStreamControllerShouldCallPull
FNDA:0,ReadableByteStreamControllerClearAlgorithms
FNDA:0,ReadableByteStreamControllerClose
FNDA:0,ReadableByteStreamControllerEnqueue
FNDA:0,ReadableByteStreamControllerError
FNDA:0,ReadableByteStreamControllerFillReadRequestFromQueue
FNDA:0,ReadableByteStreamControllerGetBYOBRequest
FNDA:0,ReadableByteStreamControllerGetDesiredSize
FNDA:0,ReadableByteStreamControllerRespond
FNDA:0,ReadableByteStreamControllerRespondWithNewView
FNDA:0,SetUpReadableByteStreamController
FNDA:0,(anonymous_165)
FNDA:0,(anonymous_166)
FNDA:0,SetUpReadableByteStreamControllerFromUnderlyingSource
FNDA:0,(anonymous_168)
FNDA:0,(anonymous_169)
FNDA:0,(anonymous_170)
FNDA:0,(anonymous_171)
FNDA:0,(anonymous_172)
FNDA:0,(anonymous_173)
FNDA:0,SetUpReadableStreamBYOBRequest
FNDA:0,byobRequestBrandCheckException
FNDA:0,byteStreamControllerBrandCheckException
FNDA:0,convertReaderOptions
FNDA:0,convertReadableStreamReaderMode
FNDA:0,convertByobReadOptions
FNDA:0,AcquireReadableStreamBYOBReader
FNDA:0,ReadableStreamAddReadIntoRequest
FNDA:0,ReadableStreamFulfillReadIntoRequest
FNDA:0,ReadableStreamGetNumReadIntoRequests
FNDA:0,ReadableStreamHasBYOBReader
FNDA:0,(anonymous_185)
FNDA:0,(anonymous_186)
FNDA:0,(anonymous_187)
FNDA:0,(anonymous_188)
FNDA:0,(anonymous_189)
FNDA:0,(anonymous_190)
FNDA:0,(anonymous_191)
FNDA:0,(anonymous_192)
FNDA:0,(anonymous_193)
FNDA:0,IsReadableStreamBYOBReader
FNDA:0,ReadableStreamBYOBReaderRead
FNDA:0,ReadableStreamBYOBReaderRelease
FNDA:0,ReadableStreamBYOBReaderErrorReadIntoRequests
FNDA:0,(anonymous_198)
FNDA:0,byobReaderBrandCheckException
FNDA:0,ExtractHighWaterMark
FNDA:0,ExtractSizeAlgorithm
FNDA:0,(anonymous_202)
FNDA:0,convertQueuingStrategy
FNDA:0,convertQueuingStrategySize
FNDA:0,(anonymous_205)
FNDA:0,convertUnderlyingSink
FNDA:0,convertUnderlyingSinkAbortCallback
FNDA:0,(anonymous_208)
FNDA:0,convertUnderlyingSinkCloseCallback
FNDA:0,(anonymous_210)
FNDA:0,convertUnderlyingSinkStartCallback
FNDA:0,(anonymous_212)
FNDA:0,convertUnderlyingSinkWriteCallback
FNDA:0,(anonymous_214)
FNDA:0,assertWritableStream
FNDA:0,isAbortSignal
FNDA:0,createAbortController
FNDA:0,(anonymous_218)
FNDA:0,(anonymous_219)
FNDA:0,(anonymous_220)
FNDA:0,(anonymous_221)
FNDA:0,(anonymous_222)
FNDA:0,AcquireWritableStreamDefaultWriter
FNDA:0,CreateWritableStream
FNDA:0,(anonymous_225)
FNDA:0,InitializeWritableStream
FNDA:0,IsWritableStream
FNDA:0,IsWritableStreamLocked
FNDA:0,WritableStreamAbort
FNDA:0,(anonymous_230)
FNDA:0,WritableStreamClose
FNDA:0,(anonymous_232)
FNDA:0,WritableStreamAddWriteRequest
FNDA:0,(anonymous_234)
FNDA:0,WritableStreamDealWithRejection
FNDA:0,WritableStreamStartErroring
FNDA:0,WritableStreamFinishErroring
FNDA:0,(anonymous_238)
FNDA:0,(anonymous_239)
FNDA:0,(anonymous_240)
FNDA:0,WritableStreamFinishInFlightWrite
FNDA:0,WritableStreamFinishInFlightWriteWithError
FNDA:0,WritableStreamFinishInFlightClose
FNDA:0,WritableStreamFinishInFlightCloseWithError
FNDA:0,WritableStreamCloseQueuedOrInFlight
FNDA:0,WritableStreamHasOperationMarkedInFlight
FNDA:0,WritableStreamMarkCloseRequestInFlight
FNDA:0,WritableStreamMarkFirstWriteRequestInFlight
FNDA:0,WritableStreamRejectCloseAndClosedPromiseIfNeeded
FNDA:0,WritableStreamUpdateBackpressure
FNDA:0,(anonymous_251)
FNDA:0,(anonymous_252)
FNDA:0,(anonymous_253)
FNDA:0,(anonymous_254)
FNDA:0,(anonymous_255)
FNDA:0,(anonymous_256)
FNDA:0,(anonymous_257)
FNDA:0,(anonymous_258)
FNDA:0,IsWritableStreamDefaultWriter
FNDA:0,WritableStreamDefaultWriterAbort
FNDA:0,WritableStreamDefaultWriterClose
FNDA:0,WritableStreamDefaultWriterCloseWithErrorPropagation
FNDA:0,WritableStreamDefaultWriterEnsureClosedPromiseRejected
FNDA:0,WritableStreamDefaultWriterEnsureReadyPromiseRejected
FNDA:0,WritableStreamDefaultWriterGetDesiredSize
FNDA:0,WritableStreamDefaultWriterRelease
FNDA:0,WritableStreamDefaultWriterWrite
FNDA:0,(anonymous_268)
FNDA:0,(anonymous_269)
FNDA:0,(anonymous_270)
FNDA:0,(anonymous_271)
FNDA:0,(anonymous_272)
FNDA:0,(anonymous_273)
FNDA:0,IsWritableStreamDefaultController
FNDA:0,SetUpWritableStreamDefaultController
FNDA:0,(anonymous_276)
FNDA:0,(anonymous_277)
FNDA:0,SetUpWritableStreamDefaultControllerFromUnderlyingSink
FNDA:0,(anonymous_279)
FNDA:0,(anonymous_280)
FNDA:0,(anonymous_281)
FNDA:0,(anonymous_282)
FNDA:0,(anonymous_283)
FNDA:0,(anonymous_284)
FNDA:0,(anonymous_285)
FNDA:0,(anonymous_286)
FNDA:0,WritableStreamDefaultControllerClearAlgorithms
FNDA:0,WritableStreamDefaultControllerClose
FNDA:0,WritableStreamDefaultControllerGetChunkSize
FNDA:0,WritableStreamDefaultControllerGetDesiredSize
FNDA:0,WritableStreamDefaultControllerWrite
FNDA:0,WritableStreamDefaultControllerAdvanceQueueIfNeeded
FNDA:0,WritableStreamDefaultControllerErrorIfNeeded
FNDA:0,WritableStreamDefaultControllerProcessClose
FNDA:0,(anonymous_295)
FNDA:0,(anonymous_296)
FNDA:0,WritableStreamDefaultControllerProcessWrite
FNDA:0,(anonymous_298)
FNDA:0,(anonymous_299)
FNDA:0,WritableStreamDefaultControllerGetBackpressure
FNDA:0,WritableStreamDefaultControllerError
FNDA:0,streamBrandCheckException$2
FNDA:0,defaultControllerBrandCheckException$2
FNDA:0,defaultWriterBrandCheckException
FNDA:0,defaultWriterLockException
FNDA:0,defaultWriterClosedPromiseInitialize
FNDA:0,(anonymous_307)
FNDA:0,defaultWriterClosedPromiseInitializeAsRejected
FNDA:0,defaultWriterClosedPromiseInitializeAsResolved
FNDA:0,defaultWriterClosedPromiseReject
FNDA:0,defaultWriterClosedPromiseResetToRejected
FNDA:0,defaultWriterClosedPromiseResolve
FNDA:0,defaultWriterReadyPromiseInitialize
FNDA:0,(anonymous_314)
FNDA:0,defaultWriterReadyPromiseInitializeAsRejected
FNDA:0,defaultWriterReadyPromiseInitializeAsResolved
FNDA:0,defaultWriterReadyPromiseReject
FNDA:0,defaultWriterReadyPromiseReset
FNDA:0,defaultWriterReadyPromiseResetToRejected
FNDA:0,defaultWriterReadyPromiseResolve
FNDA:0,getGlobals
FNDA:0,isDOMExceptionConstructor
FNDA:0,getFromGlobal
FNDA:0,createPolyfill
FNDA:0,DOMException
FNDA:0,ReadableStreamPipeTo
FNDA:0,(anonymous_327)
FNDA:0,(anonymous_328)
FNDA:0,(anonymous_329)
FNDA:0,(anonymous_330)
FNDA:0,(anonymous_331)
FNDA:0,(anonymous_332)
FNDA:0,pipeLoop
FNDA:0,(anonymous_334)
FNDA:0,next
FNDA:0,pipeStep
FNDA:0,(anonymous_337)
FNDA:0,(anonymous_338)
FNDA:0,(anonymous_339)
FNDA:0,(anonymous_340)
FNDA:0,(anonymous_341)
FNDA:0,(anonymous_342)
FNDA:0,(anonymous_343)
FNDA:0,(anonymous_344)
FNDA:0,(anonymous_345)
FNDA:0,(anonymous_346)
FNDA:0,(anonymous_347)
FNDA:0,waitForWritesToFinish
FNDA:0,(anonymous_349)
FNDA:0,isOrBecomesErrored
FNDA:0,isOrBecomesClosed
FNDA:0,shutdownWithAction
FNDA:0,doTheRest
FNDA:0,(anonymous_354)
FNDA:0,(anonymous_355)
FNDA:0,shutdown
FNDA:0,(anonymous_357)
FNDA:0,finalize
FNDA:0,(anonymous_359)
FNDA:0,(anonymous_360)
FNDA:0,(anonymous_361)
FNDA:0,(anonymous_362)
FNDA:0,(anonymous_363)
FNDA:0,(anonymous_364)
FNDA:0,(anonymous_365)
FNDA:0,(anonymous_366)
FNDA:0,IsReadableStreamDefaultController
FNDA:0,ReadableStreamDefaultControllerCallPullIfNeeded
FNDA:0,(anonymous_369)
FNDA:0,(anonymous_370)
FNDA:0,ReadableStreamDefaultControllerShouldCallPull
FNDA:0,ReadableStreamDefaultControllerClearAlgorithms
FNDA:0,ReadableStreamDefaultControllerClose
FNDA:0,ReadableStreamDefaultControllerEnqueue
FNDA:0,ReadableStreamDefaultControllerError
FNDA:0,ReadableStreamDefaultControllerGetDesiredSize
FNDA:0,ReadableStreamDefaultControllerHasBackpressure
FNDA:0,ReadableStreamDefaultControllerCanCloseOrEnqueue
FNDA:0,SetUpReadableStreamDefaultController
FNDA:0,(anonymous_380)
FNDA:0,(anonymous_381)
FNDA:0,SetUpReadableStreamDefaultControllerFromUnderlyingSource
FNDA:0,(anonymous_383)
FNDA:0,(anonymous_384)
FNDA:0,(anonymous_385)
FNDA:0,(anonymous_386)
FNDA:0,(anonymous_387)
FNDA:0,(anonymous_388)
FNDA:0,defaultControllerBrandCheckException$1
FNDA:0,ReadableStreamTee
FNDA:0,ReadableStreamDefaultTee
FNDA:0,(anonymous_392)
FNDA:0,pullAlgorithm
FNDA:0,(anonymous_394)
FNDA:0,(anonymous_395)
FNDA:0,(anonymous_396)
FNDA:0,(anonymous_397)
FNDA:0,cancel1Algorithm
FNDA:0,cancel2Algorithm
FNDA:0,startAlgorithm
FNDA:0,(anonymous_401)
FNDA:0,ReadableByteStreamTee
FNDA:0,(anonymous_403)
FNDA:0,forwardReaderError
FNDA:0,(anonymous_405)
FNDA:0,pullWithDefaultReader
FNDA:0,(anonymous_407)
FNDA:0,(anonymous_408)
FNDA:0,(anonymous_409)
FNDA:0,(anonymous_410)
FNDA:0,pullWithBYOBReader
FNDA:0,(anonymous_412)
FNDA:0,(anonymous_413)
FNDA:0,(anonymous_414)
FNDA:0,(anonymous_415)
FNDA:0,pull1Algorithm
FNDA:0,pull2Algorithm
FNDA:0,cancel1Algorithm
FNDA:0,cancel2Algorithm
FNDA:0,startAlgorithm
FNDA:0,isReadableStreamLike
FNDA:0,ReadableStreamFrom
FNDA:0,ReadableStreamFromIterable
FNDA:0,pullAlgorithm
FNDA:0,(anonymous_425)
FNDA:0,cancelAlgorithm
FNDA:0,(anonymous_427)
FNDA:0,ReadableStreamFromDefaultReader
FNDA:0,pullAlgorithm
FNDA:0,(anonymous_430)
FNDA:0,cancelAlgorithm
FNDA:0,convertUnderlyingDefaultOrByteSource
FNDA:0,convertUnderlyingSourceCancelCallback
FNDA:0,(anonymous_434)
FNDA:0,convertUnderlyingSourcePullCallback
FNDA:0,(anonymous_436)
FNDA:0,convertUnderlyingSourceStartCallback
FNDA:0,(anonymous_438)
FNDA:0,convertReadableStreamType
FNDA:0,convertIteratorOptions
FNDA:0,convertPipeOptions
FNDA:0,assertAbortSignal
FNDA:0,convertReadableWritablePair
FNDA:0,(anonymous_444)
FNDA:0,(anonymous_445)
FNDA:0,(anonymous_446)
FNDA:0,(anonymous_447)
FNDA:0,(anonymous_448)
FNDA:0,(anonymous_449)
FNDA:0,(anonymous_450)
FNDA:0,(anonymous_451)
FNDA:0,(anonymous_452)
FNDA:0,(anonymous_453)
FNDA:0,CreateReadableStream
FNDA:0,(anonymous_455)
FNDA:0,CreateReadableByteStream
FNDA:0,InitializeReadableStream
FNDA:0,IsReadableStream
FNDA:0,IsReadableStreamLocked
FNDA:0,ReadableStreamCancel
FNDA:0,(anonymous_461)
FNDA:0,ReadableStreamClose
FNDA:0,(anonymous_463)
FNDA:0,ReadableStreamError
FNDA:0,streamBrandCheckException$1
FNDA:0,convertQueuingStrategyInit
FNDA:0,(anonymous_467)
FNDA:0,(anonymous_468)
FNDA:0,(anonymous_469)
FNDA:0,(anonymous_470)
FNDA:0,byteLengthBrandCheckException
FNDA:0,IsByteLengthQueuingStrategy
FNDA:0,(anonymous_473)
FNDA:0,(anonymous_474)
FNDA:0,(anonymous_475)
FNDA:0,(anonymous_476)
FNDA:0,countBrandCheckException
FNDA:0,IsCountQueuingStrategy
FNDA:0,convertTransformer
FNDA:0,convertTransformerFlushCallback
FNDA:0,(anonymous_481)
FNDA:0,convertTransformerStartCallback
FNDA:0,(anonymous_483)
FNDA:0,convertTransformerTransformCallback
FNDA:0,(anonymous_485)
FNDA:0,convertTransformerCancelCallback
FNDA:0,(anonymous_487)
FNDA:0,(anonymous_488)
FNDA:0,(anonymous_489)
FNDA:0,(anonymous_490)
FNDA:0,(anonymous_491)
FNDA:0,InitializeTransformStream
FNDA:0,startAlgorithm
FNDA:0,writeAlgorithm
FNDA:0,abortAlgorithm
FNDA:0,closeAlgorithm
FNDA:0,pullAlgorithm
FNDA:0,cancelAlgorithm
FNDA:0,IsTransformStream
FNDA:0,TransformStreamError
FNDA:0,TransformStreamErrorWritableAndUnblockWrite
FNDA:0,TransformStreamUnblockWrite
FNDA:0,TransformStreamSetBackpressure
FNDA:0,(anonymous_504)
FNDA:0,(anonymous_505)
FNDA:0,(anonymous_506)
FNDA:0,(anonymous_507)
FNDA:0,(anonymous_508)
FNDA:0,(anonymous_509)
FNDA:0,IsTransformStreamDefaultController
FNDA:0,SetUpTransformStreamDefaultController
FNDA:0,SetUpTransformStreamDefaultControllerFromTransformer
FNDA:0,(anonymous_513)
FNDA:0,(anonymous_514)
FNDA:0,(anonymous_515)
FNDA:0,(anonymous_516)
FNDA:0,(anonymous_517)
FNDA:0,(anonymous_518)
FNDA:0,TransformStreamDefaultControllerClearAlgorithms
FNDA:0,TransformStreamDefaultControllerEnqueue
FNDA:0,TransformStreamDefaultControllerError
FNDA:0,TransformStreamDefaultControllerPerformTransform
FNDA:0,(anonymous_523)
FNDA:0,TransformStreamDefaultControllerTerminate
FNDA:0,TransformStreamDefaultSinkWriteAlgorithm
FNDA:0,(anonymous_526)
FNDA:0,TransformStreamDefaultSinkAbortAlgorithm
FNDA:0,(anonymous_528)
FNDA:0,(anonymous_529)
FNDA:0,(anonymous_530)
FNDA:0,TransformStreamDefaultSinkCloseAlgorithm
FNDA:0,(anonymous_532)
FNDA:0,(anonymous_533)
FNDA:0,(anonymous_534)
FNDA:0,TransformStreamDefaultSourcePullAlgorithm
FNDA:0,TransformStreamDefaultSourceCancelAlgorithm
FNDA:0,(anonymous_537)
FNDA:0,(anonymous_538)
FNDA:0,(anonymous_539)
FNDA:0,defaultControllerBrandCheckException
FNDA:0,defaultControllerFinishPromiseResolve
FNDA:0,defaultControllerFinishPromiseReject
FNDA:0,streamBrandCheckException
FNDA:0,(anonymous_544)
FNDA:0,(anonymous_545)
FNDA:0,name
FNDA:0,(anonymous_547)
FNDA:0,(anonymous_548)
FNDA:0,(anonymous_549)
FNDA:0,(anonymous_550)
FNDA:0,(anonymous_551)
FNDA:0,(anonymous_552)
FNDA:0,(anonymous_553)
FNDA:0,(anonymous_554)
FNDA:0,(anonymous_555)
FNDA:0,(anonymous_556)
FNDA:0,(anonymous_557)
FNDA:0,(anonymous_558)
FNDA:0,(anonymous_559)
FNDA:0,(anonymous_560)
FNDA:0,(anonymous_561)
FNDA:0,(anonymous_562)
FNDA:0,(anonymous_563)
FNDA:0,(anonymous_564)
FNDA:0,(anonymous_565)
FNDA:0,(anonymous_566)
FNDA:0,(anonymous_567)
FNDA:0,(anonymous_568)
FNDA:0,(anonymous_569)
FNDA:0,(anonymous_570)
FNDA:0,(anonymous_571)
FNDA:0,(anonymous_572)
FNDA:0,(anonymous_573)
FNDA:0,(anonymous_574)
FNDA:0,(anonymous_575)
FNDA:0,toIterator
FNDA:0,(anonymous_577)
FNDA:0,(anonymous_578)
FNDA:0,(anonymous_579)
FNDA:0,(anonymous_580)
FNDA:0,(anonymous_581)
FNDA:0,(anonymous_582)
FNDA:0,(anonymous_583)
FNDA:0,(anonymous_584)
FNDA:0,(anonymous_585)
FNDA:0,(anonymous_586)
FNDA:0,(anonymous_587)
FNDA:0,(anonymous_588)
FNDA:0,(anonymous_589)
FNDA:0,(anonymous_590)
FNDA:0,(anonymous_591)
FNDA:0,(anonymous_592)
FNDA:0,(anonymous_593)
FNDA:0,(anonymous_594)
FNDA:0,(anonymous_595)
FNDA:0,(anonymous_596)
FNDA:0,(anonymous_597)
FNDA:0,(anonymous_598)
FNDA:0,(anonymous_599)
FNDA:0,(anonymous_600)
FNDA:0,(anonymous_601)
FNDA:0,(anonymous_602)
FNDA:0,(anonymous_603)
FNDA:0,(anonymous_604)
FNDA:0,(anonymous_605)
FNDA:0,(anonymous_606)
FNDA:0,(anonymous_607)
FNDA:0,(anonymous_608)
FNDA:0,(anonymous_609)
FNDA:0,(anonymous_610)
FNDA:0,(anonymous_611)
FNDA:0,(anonymous_612)
FNDA:0,formDataToBlob
FNDA:0,(anonymous_614)
FNDA:0,(anonymous_615)
FNDA:0,(anonymous_616)
FNDA:0,(anonymous_617)
FNDA:0,(anonymous_618)
FNDA:0,(anonymous_619)
FNDA:0,(anonymous_620)
FNDA:0,(anonymous_621)
FNDA:0,(anonymous_622)
FNDA:0,(anonymous_623)
FNDA:0,(anonymous_624)
FNDA:0,(anonymous_625)
FNDA:0,(anonymous_626)
FNDA:0,(anonymous_627)
FNDA:0,(anonymous_628)
FNDA:0,(anonymous_629)
FNDA:0,dataUriToBuffer
FNDA:0,(anonymous_631)
FNDA:0,(anonymous_632)
FNDA:0,(anonymous_633)
FNDA:0,(anonymous_634)
FNDA:0,(anonymous_635)
FNDA:0,(anonymous_636)
FNDA:0,(anonymous_637)
FNDA:0,(anonymous_638)
FNDA:0,(anonymous_639)
FNDA:0,(anonymous_640)
FNDA:0,(anonymous_641)
FNDA:0,(anonymous_642)
FNDA:0,(anonymous_643)
FNDA:0,(anonymous_644)
FNDA:0,(anonymous_645)
FNDA:0,(anonymous_646)
FNDA:0,(anonymous_647)
FNDA:0,(anonymous_648)
FNDA:0,(anonymous_649)
FNDA:0,(anonymous_650)
FNDA:0,consumeBody
FNDA:0,(anonymous_652)
FNDA:0,(anonymous_653)
FNDA:0,(anonymous_654)
FNDA:0,(anonymous_655)
FNDA:0,(anonymous_656)
FNDA:0,(anonymous_657)
FNDA:0,(anonymous_658)
FNDA:0,(anonymous_659)
FNDA:0,(anonymous_660)
FNDA:0,(anonymous_661)
FNDA:0,(anonymous_662)
FNDA:0,(anonymous_663)
FNDA:0,(anonymous_664)
FNDA:0,(anonymous_665)
FNDA:0,(anonymous_666)
FNDA:0,(anonymous_667)
FNDA:0,(anonymous_668)
FNDA:0,(anonymous_669)
FNDA:0,(anonymous_670)
FNDA:0,(anonymous_671)
FNDA:0,(anonymous_672)
FNDA:0,(anonymous_673)
FNDA:0,(anonymous_674)
FNDA:0,(anonymous_675)
FNDA:0,(anonymous_676)
FNDA:0,(anonymous_677)
FNDA:0,(anonymous_678)
FNDA:0,(anonymous_679)
FNDA:0,(anonymous_680)
FNDA:0,fromRawHeaders
FNDA:0,(anonymous_682)
FNDA:0,(anonymous_683)
FNDA:0,(anonymous_684)
FNDA:0,(anonymous_685)
FNDA:0,(anonymous_686)
FNDA:0,(anonymous_687)
FNDA:0,(anonymous_688)
FNDA:0,(anonymous_689)
FNDA:0,(anonymous_690)
FNDA:0,(anonymous_691)
FNDA:0,(anonymous_692)
FNDA:0,(anonymous_693)
FNDA:0,(anonymous_694)
FNDA:0,(anonymous_695)
FNDA:0,(anonymous_696)
FNDA:0,(anonymous_697)
FNDA:0,(anonymous_698)
FNDA:0,(anonymous_699)
FNDA:0,stripURLForUseAsAReferrer
FNDA:0,validateReferrerPolicy
FNDA:0,isOriginPotentiallyTrustworthy
FNDA:0,isUrlPotentiallyTrustworthy
FNDA:0,determineRequestsReferrer
FNDA:0,parseReferrerPolicyFromHeader
FNDA:0,(anonymous_706)
FNDA:0,(anonymous_707)
FNDA:0,(anonymous_708)
FNDA:0,(anonymous_709)
FNDA:0,(anonymous_710)
FNDA:0,(anonymous_711)
FNDA:0,(anonymous_712)
FNDA:0,(anonymous_713)
FNDA:0,(anonymous_714)
FNDA:0,(anonymous_715)
FNDA:0,(anonymous_716)
FNDA:0,(anonymous_717)
FNDA:0,(anonymous_718)
FNDA:0,(anonymous_719)
FNDA:0,(anonymous_720)
FNDA:0,fetch
FNDA:0,(anonymous_722)
FNDA:0,(anonymous_723)
FNDA:0,(anonymous_724)
FNDA:0,(anonymous_725)
FNDA:0,(anonymous_726)
FNDA:0,(anonymous_727)
FNDA:0,(anonymous_728)
FNDA:0,(anonymous_729)
FNDA:0,(anonymous_730)
FNDA:0,(anonymous_731)
FNDA:0,(anonymous_732)
FNDA:0,(anonymous_733)
FNDA:0,(anonymous_734)
FNDA:0,(anonymous_735)
FNDA:0,(anonymous_736)
FNDA:0,(anonymous_737)
FNDA:0,(anonymous_738)
FNDA:0,(anonymous_739)
FNDA:0,(anonymous_740)
FNDA:0,fixResponseChunkedTransferBadEnding
FNDA:0,(anonymous_742)
FNDA:0,(anonymous_743)
FNDA:0,(anonymous_744)
FNDA:0,(anonymous_745)
FNDA:0,(anonymous_746)
DA:1,0
DA:2,0
DA:3,0
DA:10,0
DA:11,0
DA:12,0
DA:13,0
DA:14,0
DA:15,0
DA:17,0
DA:23,0
DA:38,0
DA:39,0
DA:44,0
DA:48,0
DA:50,0
DA:52,0
DA:53,0
DA:64,0
DA:65,0
DA:66,0
DA:69,0
DA:73,0
DA:77,0
DA:82,0
DA:88,0
DA:91,0
DA:94,0
DA:97,0
DA:100,0
DA:102,0
DA:103,0
DA:104,0
DA:107,0
DA:108,0
DA:110,0
DA:113,0
DA:114,0
DA:116,0
DA:119,0
DA:120,0
DA:123,0
DA:129,0
DA:138,0
DA:139,0
DA:141,0
DA:145,0
DA:149,0
DA:151,0
DA:154,0
DA:161,0
DA:162,0
DA:163,0
DA:164,0
DA:171,0
DA:172,0
DA:173,0
DA:174,0
DA:176,0
DA:181,0
DA:182,0
DA:183,0
DA:184,0
DA:185,0
DA:186,0
DA:187,0
DA:188,0
DA:189,0
DA:192,0
DA:193,0
DA:194,0
DA:195,0
DA:198,0
DA:199,0
DA:210,0
DA:211,0
DA:212,0
DA:213,0
DA:214,0
DA:215,0
DA:216,0
DA:217,0
DA:218,0
DA:219,0
DA:222,0
DA:223,0
DA:229,0
DA:230,0
DA:231,0
DA:235,0
DA:236,0
DA:237,0
DA:238,0
DA:239,0
DA:242,0
DA:243,0
DA:244,0
DA:245,0
DA:247,0
DA:248,0
DA:251,0
DA:257,0
DA:258,0
DA:261,0
DA:262,0
DA:263,0
DA:266,0
DA:268,0
DA:269,0
DA:270,0
DA:274,0
DA:278,0
DA:279,0
DA:280,0
DA:284,0
DA:285,0
DA:288,0
DA:289,0
DA:292,0
DA:293,0
DA:295,0
DA:296,0
DA:297,0
DA:298,0
DA:301,0
DA:304,0
DA:305,0
DA:307,0
DA:308,0
DA:309,0
DA:314,0
DA:315,0
DA:320,0
DA:321,0
DA:326,0
DA:329,0
DA:330,0
DA:335,0
DA:336,0
DA:341,0
DA:344,0
DA:345,0
DA:349,0
DA:350,0
DA:354,0
DA:355,0
DA:360,0
DA:363,0
DA:366,0
DA:370,0
DA:371,0
DA:372,0
DA:373,0
DA:374,0
DA:375,0
DA:377,0
DA:378,0
DA:379,0
DA:381,0
DA:382,0
DA:388,0
DA:392,0
DA:393,0
DA:399,0
DA:403,0
DA:406,0
DA:407,0
DA:408,0
DA:409,0
DA:412,0
DA:416,0
DA:419,0
DA:420,0
DA:421,0
DA:423,0
DA:424,0
DA:426,0
DA:435,0
DA:436,0
DA:437,0
DA:438,0
DA:440,0
DA:441,0
DA:448,0
DA:449,0
DA:451,0
DA:457,0
DA:458,0
DA:460,0
DA:461,0
DA:463,0
DA:471,0
DA:472,0
DA:474,0
DA:475,0
DA:479,0
DA:480,0
DA:481,0
DA:483,0
DA:484,0
DA:485,0
DA:486,0
DA:488,0
DA:489,0
DA:501,0
DA:502,0
DA:504,0
DA:505,0
DA:507,0
DA:510,0
DA:516,0
DA:517,0
DA:518,0
DA:519,0
DA:520,0
DA:527,0
DA:528,0
DA:530,0
DA:531,0
DA:533,0
DA:536,0
DA:537,0
DA:538,0
DA:539,0
DA:541,0
DA:542,0
DA:545,0
DA:549,0
DA:550,0
DA:551,0
DA:554,0
DA:555,0
DA:556,0
DA:557,0
DA:562,0
DA:567,0
DA:572,0
DA:573,0
DA:574,0
DA:575,0
DA:578,0
DA:579,0
DA:582,0
DA:585,0
DA:586,0
DA:591,0
DA:592,0
DA:594,0
DA:597,0
DA:598,0
DA:599,0
DA:601,0
DA:603,0
DA:606,0
DA:609,0
DA:610,0
DA:611,0
DA:612,0
DA:615,0
DA:616,0
DA:617,0
DA:618,0
DA:621,0
DA:622,0
DA:625,0
DA:626,0
DA:628,0
DA:629,0
DA:630,0
DA:631,0
DA:632,0
DA:633,0
DA:635,0
DA:636,0
DA:639,0
DA:641,0
DA:642,0
DA:644,0
DA:647,0
DA:648,0
DA:650,0
DA:653,0
DA:656,0
DA:657,0
DA:658,0
DA:659,0
DA:660,0
DA:663,0
DA:664,0
DA:666,0
DA:667,0
DA:669,0
DA:671,0
DA:675,0
DA:680,0
DA:685,0
DA:687,0
DA:694,0
DA:697,0
DA:699,0
DA:700,0
DA:701,0
DA:703,0
DA:704,0
DA:708,0
DA:710,0
DA:712,0
DA:713,0
DA:714,0
DA:718,0
DA:720,0
DA:725,0
DA:726,0
DA:728,0
DA:729,0
DA:730,0
DA:731,0
DA:734,0
DA:735,0
DA:736,0
DA:738,0
DA:739,0
DA:741,0
DA:747,0
DA:748,0
DA:751,0
DA:752,0
DA:755,0
DA:756,0
DA:759,0
DA:761,0
DA:762,0
DA:763,0
DA:764,0
DA:765,0
DA:766,0
DA:767,0
DA:771,0
DA:774,0
DA:775,0
DA:777,0
DA:778,0
DA:779,0
DA:781,0
DA:782,0
DA:785,0
DA:786,0
DA:787,0
DA:789,0
DA:792,0
DA:795,0
DA:799,0
DA:800,0
DA:802,0
DA:803,0
DA:805,0
DA:806,0
DA:808,0
DA:811,0
DA:812,0
DA:816,0
DA:817,0
DA:818,0
DA:819,0
DA:821,0
DA:824,0
DA:825,0
DA:827,0
DA:828,0
DA:831,0
DA:832,0
DA:835,0
DA:836,0
DA:840,0
DA:843,0
DA:846,0
DA:847,0
DA:849,0
DA:859,0
DA:865,0
DA:866,0
DA:868,0
DA:871,0
DA:872,0
DA:874,0
DA:875,0
DA:876,0
DA:877,0
DA:879,0
DA:880,0
DA:882,0
DA:885,0
DA:886,0
DA:888,0
DA:889,0
DA:890,0
DA:892,0
DA:893,0
DA:895,0
DA:896,0
DA:898,0
DA:901,0
DA:906,0
DA:907,0
DA:908,0
DA:909,0
DA:921,0
DA:927,0
DA:928,0
DA:930,0
DA:937,0
DA:938,0
DA:940,0
DA:947,0
DA:948,0
DA:950,0
DA:951,0
DA:953,0
DA:954,0
DA:955,0
DA:957,0
DA:960,0
DA:961,0
DA:963,0
DA:964,0
DA:965,0
DA:967,0
DA:968,0
DA:970,0
DA:971,0
DA:973,0
DA:974,0
DA:976,0
DA:977,0
DA:978,0
DA:980,0
DA:986,0
DA:987,0
DA:989,0
DA:993,0
DA:994,0
DA:995,0
DA:996,0
DA:997,0
DA:1001,0
DA:1002,0
DA:1003,0
DA:1004,0
DA:1006,0
DA:1007,0
DA:1009,0
DA:1010,0
DA:1013,0
DA:1014,0
DA:1016,0
DA:1027,0
DA:1029,0
DA:1030,0
DA:1034,0
DA:1035,0
DA:1036,0
DA:1037,0
DA:1038,0
DA:1042,0
DA:1049,0
DA:1050,0
DA:1051,0
DA:1052,0
DA:1053,0
DA:1060,0
DA:1061,0
DA:1063,0
DA:1064,0
DA:1066,0
DA:1069,0
DA:1070,0
DA:1072,0
DA:1073,0
DA:1075,0
DA:1078,0
DA:1079,0
DA:1080,0
DA:1082,0
DA:1083,0
DA:1084,0
DA:1086,0
DA:1088,0
DA:1089,0
DA:1090,0
DA:1091,0
DA:1092,0
DA:1093,0
DA:1095,0
DA:1097,0
DA:1098,0
DA:1102,0
DA:1103,0
DA:1106,0
DA:1107,0
DA:1108,0
DA:1110,0
DA:1111,0
DA:1112,0
DA:1115,0
DA:1119,0
DA:1120,0
DA:1121,0
DA:1124,0
DA:1125,0
DA:1129,0
DA:1130,0
DA:1133,0
DA:1134,0
DA:1136,0
DA:1139,0
DA:1140,0
DA:1142,0
DA:1145,0
DA:1146,0
DA:1147,0
DA:1148,0
DA:1149,0
DA:1150,0
DA:1153,0
DA:1154,0
DA:1155,0
DA:1157,0
DA:1158,0
DA:1159,0
DA:1160,0
DA:1161,0
DA:1162,0
DA:1163,0
DA:1164,0
DA:1167,0
DA:1168,0
DA:1170,0
DA:1171,0
DA:1172,0
DA:1174,0
DA:1177,0
DA:1180,0
DA:1181,0
DA:1182,0
DA:1185,0
DA:1189,0
DA:1190,0
DA:1192,0
DA:1193,0
DA:1194,0
DA:1197,0
DA:1198,0
DA:1199,0
DA:1201,0
DA:1202,0
DA:1203,0
DA:1204,0
DA:1209,0
DA:1210,0
DA:1211,0
DA:1212,0
DA:1214,0
DA:1215,0
DA:1219,0
DA:1220,0
DA:1221,0
DA:1222,0
DA:1223,0
DA:1225,0
DA:1226,0
DA:1229,0
DA:1230,0
DA:1232,0
DA:1243,0
DA:1244,0
DA:1248,0
DA:1249,0
DA:1251,0
DA:1252,0
DA:1253,0
DA:1254,0
DA:1256,0
DA:1257,0
DA:1258,0
DA:1259,0
DA:1260,0
DA:1261,0
DA:1263,0
DA:1264,0
DA:1265,0
DA:1266,0
DA:1267,0
DA:1270,0
DA:1271,0
DA:1272,0
DA:1275,0
DA:1276,0
DA:1278,0
DA:1279,0
DA:1280,0
DA:1281,0
DA:1282,0
DA:1287,0
DA:1288,0
DA:1289,0
DA:1290,0
DA:1291,0
DA:1293,0
DA:1296,0
DA:1298,0
DA:1299,0
DA:1300,0
DA:1301,0
DA:1302,0
DA:1304,0
DA:1305,0
DA:1306,0
DA:1309,0
DA:1310,0
DA:1311,0
DA:1312,0
DA:1313,0
DA:1316,0
DA:1318,0
DA:1321,0
DA:1322,0
DA:1325,0
DA:1326,0
DA:1327,0
DA:1329,0
DA:1330,0
DA:1332,0
DA:1333,0
DA:1335,0
DA:1336,0
DA:1338,0
DA:1339,0
DA:1341,0
DA:1342,0
DA:1343,0
DA:1345,0
DA:1348,0
DA:1349,0
DA:1353,0
DA:1354,0
DA:1355,0
DA:1357,0
DA:1358,0
DA:1359,0
DA:1361,0
DA:1362,0
DA:1363,0
DA:1364,0
DA:1365,0
DA:1366,0
DA:1369,0
DA:1370,0
DA:1373,0
DA:1374,0
DA:1375,0
DA:1377,0
DA:1378,0
DA:1379,0
DA:1381,0
DA:1382,0
DA:1383,0
DA:1384,0
DA:1385,0
DA:1387,0
DA:1388,0
DA:1389,0
DA:1390,0
DA:1393,0
DA:1394,0
DA:1395,0
DA:1396,0
DA:1399,0
DA:1400,0
DA:1402,0
DA:1403,0
DA:1406,0
DA:1408,0
DA:1409,0
DA:1412,0
DA:1414,0
DA:1417,0
DA:1418,0
DA:1419,0
DA:1421,0
DA:1422,0
DA:1423,0
DA:1424,0
DA:1427,0
DA:1428,0
DA:1429,0
DA:1430,0
DA:1431,0
DA:1434,0
DA:1435,0
DA:1436,0
DA:1437,0
DA:1438,0
DA:1439,0
DA:1441,0
DA:1444,0
DA:1445,0
DA:1446,0
DA:1448,0
DA:1449,0
DA:1451,0
DA:1454,0
DA:1455,0
DA:1456,0
DA:1457,0
DA:1458,0
DA:1462,0
DA:1463,0
DA:1465,0
DA:1466,0
DA:1469,0
DA:1470,0
DA:1473,0
DA:1474,0
DA:1475,0
DA:1476,0
DA:1477,0
DA:1481,0
DA:1482,0
DA:1485,0
DA:1486,0
DA:1488,0
DA:1489,0
DA:1491,0
DA:1492,0
DA:1494,0
DA:1495,0
DA:1496,0
DA:1499,0
DA:1500,0
DA:1501,0
DA:1502,0
DA:1504,0
DA:1505,0
DA:1506,0
DA:1507,0
DA:1508,0
DA:1509,0
DA:1510,0
DA:1511,0
DA:1512,0
DA:1513,0
DA:1514,0
DA:1515,0
DA:1516,0
DA:1517,0
DA:1518,0
DA:1520,0
DA:1521,0
DA:1525,0
DA:1529,0
DA:1530,0
DA:1533,0
DA:1535,0
DA:1536,0
DA:1539,0
DA:1541,0
DA:1542,0
DA:1545,0
DA:1547,0
DA:1548,0
DA:1549,0
DA:1551,0
DA:1554,0
DA:1555,0
DA:1559,0
DA:1563,0
DA:1567,0
DA:1568,0
DA:1569,0
DA:1574,0
DA:1575,0
DA:1576,0
DA:1578,0
DA:1582,0
DA:1583,0
DA:1584,0
DA:1591,0
DA:1595,0
DA:1598,0
DA:1599,0
DA:1600,0
DA:1601,0
DA:1604,0
DA:1608,0
DA:1611,0
DA:1612,0
DA:1613,0
DA:1615,0
DA:1616,0
DA:1618,0
DA:1627,0
DA:1628,0
DA:1629,0
DA:1630,0
DA:1632,0
DA:1633,0
DA:1636,0
DA:1637,0
DA:1644,0
DA:1645,0
DA:1647,0
DA:1653,0
DA:1654,0
DA:1656,0
DA:1657,0
DA:1659,0
DA:1662,0
DA:1663,0
DA:1665,0
DA:1666,0
DA:1668,0
DA:1669,0
DA:1671,0
DA:1672,0
DA:1674,0
DA:1675,0
DA:1678,0
DA:1679,0
DA:1682,0
DA:1684,0
DA:1685,0
DA:1686,0
DA:1688,0
DA:1689,0
DA:1690,0
DA:1693,0
DA:1694,0
DA:1696,0
DA:1697,0
DA:1701,0
DA:1702,0
DA:1703,0
DA:1705,0
DA:1706,0
DA:1707,0
DA:1708,0
DA:1710,0
DA:1711,0
DA:1723,0
DA:1724,0
DA:1726,0
DA:1727,0
DA:1729,0
DA:1732,0
DA:1738,0
DA:1739,0
DA:1740,0
DA:1741,0
DA:1742,0
DA:1749,0
DA:1750,0
DA:1752,0
DA:1753,0
DA:1755,0
DA:1758,0
DA:1759,0
DA:1760,0
DA:1761,0
DA:1764,0
DA:1768,0
DA:1769,0
DA:1770,0
DA:1773,0
DA:1774,0
DA:1775,0
DA:1776,0
DA:1781,0
DA:1785,0
DA:1786,0
DA:1787,0
DA:1789,0
DA:1790,0
DA:1792,0
DA:1795,0
DA:1796,0
DA:1797,0
DA:1799,0
DA:1803,0
DA:1804,0
DA:1805,0
DA:1806,0
DA:1812,0
DA:1813,0
DA:1817,0
DA:1818,0
DA:1819,0
DA:1820,0
DA:1821,0
DA:1822,0
DA:1823,0
DA:1840,0
DA:1841,0
DA:1844,0
DA:1845,0
DA:1848,0
DA:1849,0
DA:1852,0
DA:1853,0
DA:1857,0
DA:1858,0
DA:1863,0
DA:1864,0
DA:1866,0
DA:1867,0
DA:1871,0
DA:1874,0
DA:1881,0
DA:1882,0
DA:1884,0
DA:1894,0
DA:1895,0
DA:1898,0
DA:1900,0
DA:1901,0
DA:1902,0
DA:1903,0
DA:1904,0
DA:1905,0
DA:1907,0
DA:1908,0
DA:1909,0
DA:1915,0
DA:1916,0
DA:1918,0
DA:1930,0
DA:1931,0
DA:1933,0
DA:1934,0
DA:1936,0
DA:1947,0
DA:1948,0
DA:1950,0
DA:1951,0
DA:1953,0
DA:1954,0
DA:1956,0
DA:1967,0
DA:1968,0
DA:1970,0
DA:1973,0
DA:1979,0
DA:1980,0
DA:1981,0
DA:1982,0
DA:1983,0
DA:1990,0
DA:1993,0
DA:1994,0
DA:1995,0
DA:1996,0
DA:1997,0
DA:1998,0
DA:2001,0
DA:2004,0
DA:2005,0
DA:2008,0
DA:2011,0
DA:2014,0
DA:2017,0
DA:2020,0
DA:2022,0
DA:2024,0
DA:2027,0
DA:2028,0
DA:2030,0
DA:2031,0
DA:2033,0
DA:2036,0
DA:2037,0
DA:2039,0
DA:2043,0
DA:2044,0
DA:2046,0
DA:2047,0
DA:2051,0
DA:2052,0
DA:2053,0
DA:2055,0
DA:2056,0
DA:2058,0
DA:2059,0
DA:2060,0
DA:2062,0
DA:2064,0
DA:2065,0
DA:2073,0
DA:2074,0
DA:2075,0
DA:2077,0
DA:2080,0
DA:2081,0
DA:2082,0
DA:2084,0
DA:2085,0
DA:2089,0
DA:2091,0
DA:2092,0
DA:2093,0
DA:2095,0
DA:2096,0
DA:2100,0
DA:2101,0
DA:2105,0
DA:2107,0
DA:2110,0
DA:2111,0
DA:2112,0
DA:2113,0
DA:2115,0
DA:2118,0
DA:2119,0
DA:2120,0
DA:2121,0
DA:2122,0
DA:2123,0
DA:2125,0
DA:2126,0
DA:2130,0
DA:2131,0
DA:2132,0
DA:2133,0
DA:2134,0
DA:2136,0
DA:2137,0
DA:2138,0
DA:2139,0
DA:2141,0
DA:2142,0
DA:2143,0
DA:2144,0
DA:2145,0
DA:2146,0
DA:2148,0
DA:2149,0
DA:2150,0
DA:2151,0
DA:2152,0
DA:2154,0
DA:2155,0
DA:2156,0
DA:2160,0
DA:2161,0
DA:2164,0
DA:2165,0
DA:2166,0
DA:2169,0
DA:2170,0
DA:2171,0
DA:2172,0
DA:2174,0
DA:2175,0
DA:2176,0
DA:2177,0
DA:2180,0
DA:2181,0
DA:2182,0
DA:2183,0
DA:2187,0
DA:2188,0
DA:2190,0
DA:2191,0
DA:2192,0
DA:2194,0
DA:2198,0
DA:2199,0
DA:2201,0
DA:2204,0
DA:2205,0
DA:2207,0
DA:2210,0
DA:2211,0
DA:2214,0
DA:2217,0
DA:2218,0
DA:2219,0
DA:2221,0
DA:2222,0
DA:2223,0
DA:2227,0
DA:2228,0
DA:2229,0
DA:2230,0
DA:2233,0
DA:2236,0
DA:2245,0
DA:2246,0
DA:2247,0
DA:2248,0
DA:2250,0
DA:2251,0
DA:2252,0
DA:2253,0
DA:2254,0
DA:2255,0
DA:2258,0
DA:2260,0
DA:2262,0
DA:2263,0
DA:2264,0
DA:2266,0
DA:2267,0
DA:2268,0
DA:2271,0
DA:2272,0
DA:2273,0
DA:2281,0
DA:2282,0
DA:2284,0
DA:2295,0
DA:2296,0
DA:2298,0
DA:2299,0
DA:2301,0
DA:2312,0
DA:2313,0
DA:2315,0
DA:2321,0
DA:2322,0
DA:2324,0
DA:2325,0
DA:2327,0
DA:2333,0
DA:2334,0
DA:2336,0
DA:2337,0
DA:2338,0
DA:2340,0
DA:2341,0
DA:2343,0
DA:2356,0
DA:2357,0
DA:2359,0
DA:2360,0
DA:2361,0
DA:2363,0
DA:2366,0
DA:2367,0
DA:2369,0
DA:2370,0
DA:2372,0
DA:2375,0
DA:2384,0
DA:2385,0
DA:2386,0
DA:2387,0
DA:2388,0
DA:2389,0
DA:2396,0
DA:2397,0
DA:2399,0
DA:2400,0
DA:2402,0
DA:2406,0
DA:2407,0
DA:2410,0
DA:2411,0
DA:2414,0
DA:2415,0
DA:2416,0
DA:2417,0
DA:2419,0
DA:2420,0
DA:2422,0
DA:2425,0
DA:2426,0
DA:2429,0
DA:2433,0
DA:2434,0
DA:2437,0
DA:2441,0
DA:2442,0
DA:2443,0
DA:2444,0
DA:2446,0
DA:2447,0
DA:2449,0
DA:2452,0
DA:2453,0
DA:2454,0
DA:2457,0
DA:2458,0
DA:2459,0
DA:2462,0
DA:2463,0
DA:2464,0
DA:2465,0
DA:2466,0
DA:2468,0
DA:2469,0
DA:2470,0
DA:2472,0
DA:2473,0
DA:2475,0
DA:2476,0
DA:2478,0
DA:2479,0
DA:2480,0
DA:2482,0
DA:2490,0
DA:2500,0
DA:2501,0
DA:2503,0
DA:2509,0
DA:2510,0
DA:2512,0
DA:2516,0
DA:2518,0
DA:2528,0
DA:2529,0
DA:2531,0
DA:2532,0
DA:2535,0
DA:2537,0
DA:2541,0
DA:2542,0
DA:2543,0
DA:2547,0
DA:2550,0
DA:2555,0
DA:2556,0
DA:2563,0
DA:2564,0
DA:2566,0
DA:2567,0
DA:2569,0
DA:2572,0
DA:2573,0
DA:2575,0
DA:2576,0
DA:2577,0
DA:2578,0
DA:2579,0
DA:2580,0
DA:2581,0
DA:2582,0
DA:2583,0
DA:2584,0
DA:2585,0
DA:2586,0
DA:2587,0
DA:2588,0
DA:2589,0
DA:2590,0
DA:2591,0
DA:2592,0
DA:2593,0
DA:2595,0
DA:2596,0
DA:2597,0
DA:2601,0
DA:2606,0
DA:2607,0
DA:2610,0
DA:2612,0
DA:2613,0
DA:2616,0
DA:2618,0
DA:2619,0
DA:2622,0
DA:2624,0
DA:2625,0
DA:2628,0
DA:2630,0
DA:2634,0
DA:2635,0
DA:2636,0
DA:2637,0
DA:2640,0
DA:2641,0
DA:2644,0
DA:2645,0
DA:2648,0
DA:2649,0
DA:2653,0
DA:2656,0
DA:2657,0
DA:2660,0
DA:2661,0
DA:2663,0
DA:2664,0
DA:2665,0
DA:2666,0
DA:2668,0
DA:2672,0
DA:2673,0
DA:2674,0
DA:2676,0
DA:2677,0
DA:2679,0
DA:2680,0
DA:2681,0
DA:2682,0
DA:2684,0
DA:2685,0
DA:2687,0
DA:2688,0
DA:2689,0
DA:2692,0
DA:2696,0
DA:2697,0
DA:2701,0
DA:2702,0
DA:2703,0
DA:2704,0
DA:2705,0
DA:2706,0
DA:2707,0
DA:2708,0
DA:2710,0
DA:2711,0
DA:2715,0
DA:2716,0
DA:2717,0
DA:2718,0
DA:2719,0
DA:2720,0
DA:2721,0
DA:2722,0
DA:2723,0
DA:2724,0
DA:2726,0
DA:2727,0
DA:2729,0
DA:2730,0
DA:2732,0
DA:2733,0
DA:2737,0
DA:2738,0
DA:2742,0
DA:2743,0
DA:2744,0
DA:2748,0
DA:2752,0
DA:2756,0
DA:2759,0
DA:2762,0
DA:2763,0
DA:2764,0
DA:2765,0
DA:2769,0
DA:2770,0
DA:2773,0
DA:2774,0
DA:2777,0
DA:2778,0
DA:2780,0
DA:2781,0
DA:2782,0
DA:2783,0
DA:2784,0
DA:2787,0
DA:2790,0
DA:2791,0
DA:2793,0
DA:2794,0
DA:2795,0
DA:2796,0
DA:2799,0
DA:2800,0
DA:2801,0
DA:2803,0
DA:2806,0
DA:2807,0
DA:2810,0
DA:2811,0
DA:2814,0
DA:2815,0
DA:2817,0
DA:2818,0
DA:2819,0
DA:2820,0
DA:2821,0
DA:2824,0
DA:2827,0
DA:2830,0
DA:2831,0
DA:2833,0
DA:2834,0
DA:2835,0
DA:2836,0
DA:2841,0
DA:2842,0
DA:2844,0
DA:2845,0
DA:2847,0
DA:2848,0
DA:2850,0
DA:2852,0
DA:2856,0
DA:2857,0
DA:2859,0
DA:2860,0
DA:2862,0
DA:2863,0
DA:2864,0
DA:2867,0
DA:2876,0
DA:2877,0
DA:2885,0
DA:2886,0
DA:2887,0
DA:2888,0
DA:2889,0
DA:2892,0
DA:2893,0
DA:2894,0
DA:2895,0
DA:2898,0
DA:2901,0
DA:2902,0
DA:2903,0
DA:2904,0
DA:2906,0
DA:2907,0
DA:2909,0
DA:2910,0
DA:2911,0
DA:2912,0
DA:2913,0
DA:2914,0
DA:2915,0
DA:2916,0
DA:2918,0
DA:2921,0
DA:2922,0
DA:2923,0
DA:2924,0
DA:2926,0
DA:2929,0
DA:2931,0
DA:2932,0
DA:2933,0
DA:2935,0
DA:2941,0
DA:2943,0
DA:2944,0
DA:2949,0
DA:2952,0
DA:2956,0
DA:2957,0
DA:2959,0
DA:2960,0
DA:2961,0
DA:2963,0
DA:2964,0
DA:2966,0
DA:2973,0
DA:2974,0
DA:2975,0
DA:2978,0
DA:2980,0
DA:2983,0
DA:2984,0
DA:2985,0
DA:2988,0
DA:2990,0
DA:2993,0
DA:2994,0
DA:2995,0
DA:2998,0
DA:3000,0
DA:3003,0
DA:3004,0
DA:3005,0
DA:3006,0
DA:3009,0
DA:3012,0
DA:3016,0
DA:3017,0
DA:3020,0
DA:3021,0
DA:3024,0
DA:3028,0
DA:3029,0
DA:3032,0
DA:3036,0
DA:3037,0
DA:3039,0
DA:3040,0
DA:3041,0
DA:3044,0
DA:3047,0
DA:3048,0
DA:3052,0
DA:3053,0
DA:3055,0
DA:3056,0
DA:3057,0
DA:3060,0
DA:3064,0
DA:3065,0
DA:3066,0
DA:3067,0
DA:3069,0
DA:3070,0
DA:3073,0
DA:3075,0
DA:3087,0
DA:3094,0
DA:3095,0
DA:3097,0
DA:3104,0
DA:3105,0
DA:3107,0
DA:3108,0
DA:3110,0
DA:3113,0
DA:3114,0
DA:3116,0
DA:3117,0
DA:3119,0
DA:3125,0
DA:3126,0
DA:3128,0
DA:3132,0
DA:3133,0
DA:3134,0
DA:3135,0
DA:3139,0
DA:3140,0
DA:3141,0
DA:3142,0
DA:3143,0
DA:3144,0
DA:3147,0
DA:3149,0
DA:3152,0
DA:3153,0
DA:3161,0
DA:3167,0
DA:3168,0
DA:3169,0
DA:3170,0
DA:3171,0
DA:3178,0
DA:3179,0
DA:3181,0
DA:3182,0
DA:3184,0
DA:3187,0
DA:3188,0
DA:3189,0
DA:3191,0
DA:3192,0
DA:3193,0
DA:3195,0
DA:3196,0
DA:3197,0
DA:3198,0
DA:3199,0
DA:3200,0
DA:3201,0
DA:3203,0
DA:3205,0
DA:3206,0
DA:3210,0
DA:3211,0
DA:3212,0
DA:3214,0
DA:3215,0
DA:3217,0
DA:3218,0
DA:3220,0
DA:3221,0
DA:3222,0
DA:3224,0
DA:3227,0
DA:3228,0
DA:3229,0
DA:3233,0
DA:3234,0
DA:3236,0
DA:3237,0
DA:3238,0
DA:3239,0
DA:3240,0
DA:3244,0
DA:3245,0
DA:3247,0
DA:3248,0
DA:3249,0
DA:3253,0
DA:3254,0
DA:3257,0
DA:3258,0
DA:3260,0
DA:3261,0
DA:3264,0
DA:3265,0
DA:3268,0
DA:3271,0
DA:3272,0
DA:3273,0
DA:3275,0
DA:3276,0
DA:3277,0
DA:3280,0
DA:3281,0
DA:3282,0
DA:3284,0
DA:3285,0
DA:3287,0
DA:3291,0
DA:3292,0
DA:3294,0
DA:3297,0
DA:3298,0
DA:3299,0
DA:3301,0
DA:3304,0
DA:3305,0
DA:3306,0
DA:3307,0
DA:3308,0
DA:3309,0
DA:3310,0
DA:3311,0
DA:3312,0
DA:3313,0
DA:3314,0
DA:3315,0
DA:3316,0
DA:3317,0
DA:3318,0
DA:3319,0
DA:3320,0
DA:3321,0
DA:3323,0
DA:3324,0
DA:3328,0
DA:3332,0
DA:3333,0
DA:3336,0
DA:3338,0
DA:3339,0
DA:3342,0
DA:3344,0
DA:3345,0
DA:3348,0
DA:3350,0
DA:3354,0
DA:3358,0
DA:3359,0
DA:3361,0
DA:3364,0
DA:3365,0
DA:3366,0
DA:3367,0
DA:3368,0
DA:3374,0
DA:3375,0
DA:3378,0
DA:3379,0
DA:3380,0
DA:3382,0
DA:3383,0
DA:3388,0
DA:3389,0
DA:3390,0
DA:3391,0
DA:3397,0
DA:3398,0
DA:3400,0
DA:3401,0
DA:3403,0
DA:3404,0
DA:3405,0
DA:3410,0
DA:3411,0
DA:3412,0
DA:3414,0
DA:3415,0
DA:3417,0
DA:3418,0
DA:3422,0
DA:3425,0
DA:3426,0
DA:3429,0
DA:3430,0
DA:3431,0
DA:3432,0
DA:3433,0
DA:3434,0
DA:3436,0
DA:3439,0
DA:3440,0
DA:3441,0
DA:3442,0
DA:3443,0
DA:3444,0
DA:3446,0
DA:3451,0
DA:3452,0
DA:3453,0
DA:3454,0
DA:3455,0
DA:3456,0
DA:3457,0
DA:3459,0
DA:3461,0
DA:3464,0
DA:3465,0
DA:3466,0
DA:3467,0
DA:3468,0
DA:3469,0
DA:3475,0
DA:3476,0
DA:3479,0
DA:3480,0
DA:3481,0
DA:3483,0
DA:3484,0
DA:3485,0
DA:3486,0
DA:3488,0
DA:3492,0
DA:3493,0
DA:3494,0
DA:3495,0
DA:3497,0
DA:3502,0
DA:3503,0
DA:3504,0
DA:3505,0
DA:3506,0
DA:3507,0
DA:3508,0
DA:3509,0
DA:3512,0
DA:3513,0
DA:3514,0
DA:3515,0
DA:3518,0
DA:3519,0
DA:3521,0
DA:3522,0
DA:3524,0
DA:3525,0
DA:3526,0
DA:3528,0
DA:3529,0
DA:3534,0
DA:3535,0
DA:3536,0
DA:3538,0
DA:3539,0
DA:3541,0
DA:3542,0
DA:3544,0
DA:3545,0
DA:3547,0
DA:3548,0
DA:3552,0
DA:3555,0
DA:3558,0
DA:3559,0
DA:3560,0
DA:3561,0
DA:3563,0
DA:3564,0
DA:3565,0
DA:3570,0
DA:3571,0
DA:3572,0
DA:3573,0
DA:3574,0
DA:3575,0
DA:3577,0
DA:3578,0
DA:3581,0
DA:3582,0
DA:3583,0
DA:3584,0
DA:3586,0
DA:3587,0
DA:3589,0
DA:3591,0
DA:3592,0
DA:3594,0
DA:3595,0
DA:3596,0
DA:3598,0
DA:3599,0
DA:3604,0
DA:3605,0
DA:3606,0
DA:3607,0
DA:3608,0
DA:3610,0
DA:3611,0
DA:3613,0
DA:3614,0
DA:3615,0
DA:3617,0
DA:3618,0
DA:3621,0
DA:3622,0
DA:3626,0
DA:3629,0
DA:3632,0
DA:3633,0
DA:3634,0
DA:3636,0
DA:3637,0
DA:3638,0
DA:3639,0
DA:3642,0
DA:3644,0
DA:3647,0
DA:3648,0
DA:3649,0
DA:3651,0
DA:3652,0
DA:3653,0
DA:3654,0
DA:3657,0
DA:3659,0
DA:3662,0
DA:3663,0
DA:3664,0
DA:3665,0
DA:3666,0
DA:3667,0
DA:3669,0
DA:3672,0
DA:3673,0
DA:3674,0
DA:3675,0
DA:3676,0
DA:3677,0
DA:3679,0
DA:3682,0
DA:3684,0
DA:3685,0
DA:3686,0
DA:3687,0
DA:3691,0
DA:3695,0
DA:3696,0
DA:3698,0
DA:3702,0
DA:3703,0
DA:3706,0
DA:3707,0
DA:3710,0
DA:3712,0
DA:3713,0
DA:3714,0
DA:3715,0
DA:3717,0
DA:3718,0
DA:3719,0
DA:3722,0
DA:3723,0
DA:3728,0
DA:3730,0
DA:3731,0
DA:3734,0
DA:3736,0
DA:3737,0
DA:3740,0
DA:3741,0
DA:3744,0
DA:3746,0
DA:3747,0
DA:3748,0
DA:3749,0
DA:3751,0
DA:3754,0
DA:3755,0
DA:3759,0
DA:3762,0
DA:3763,0
DA:3766,0
DA:3768,0
DA:3769,0
DA:3770,0
DA:3772,0
DA:3773,0
DA:3776,0
DA:3777,0
DA:3782,0
DA:3783,0
DA:3786,0
DA:3789,0
DA:3790,0
DA:3794,0
DA:3795,0
DA:3796,0
DA:3797,0
DA:3798,0
DA:3799,0
DA:3800,0
DA:3801,0
DA:3818,0
DA:3819,0
DA:3822,0
DA:3823,0
DA:3826,0
DA:3827,0
DA:3830,0
DA:3831,0
DA:3832,0
DA:3834,0
DA:3838,0
DA:3839,0
DA:3840,0
DA:3844,0
DA:3845,0
DA:3846,0
DA:3847,0
DA:3848,0
DA:3849,0
DA:3850,0
DA:3852,0
DA:3860,0
DA:3861,0
DA:3866,0
DA:3867,0
DA:3868,0
DA:3869,0
DA:3870,0
DA:3871,0
DA:3872,0
DA:3873,0
DA:3883,0
DA:3884,0
DA:3887,0
DA:3889,0
DA:3890,0
DA:3891,0
DA:3892,0
DA:3893,0
DA:3894,0
DA:3896,0
DA:3897,0
DA:3900,0
DA:3901,0
DA:3902,0
DA:3909,0
DA:3910,0
DA:3912,0
DA:3921,0
DA:3922,0
DA:3924,0
DA:3925,0
DA:3927,0
DA:3930,0
DA:3931,0
DA:3933,0
DA:3934,0
DA:3935,0
DA:3937,0
DA:3940,0
DA:3941,0
DA:3943,0
DA:3944,0
DA:3945,0
DA:3946,0
DA:3947,0
DA:3949,0
DA:3950,0
DA:3952,0
DA:3953,0
DA:3954,0
DA:3957,0
DA:3958,0
DA:3960,0
DA:3961,0
DA:3963,0
DA:3964,0
DA:3967,0
DA:3968,0
DA:3971,0
DA:3973,0
DA:3974,0
DA:3976,0
DA:3977,0
DA:3979,0
DA:3993,0
DA:3994,0
DA:3996,0
DA:3997,0
DA:4000,0
DA:4001,0
DA:4003,0
DA:4004,0
DA:4008,0
DA:4017,0
DA:4020,0
DA:4023,0
DA:4032,0
DA:4033,0
DA:4034,0
DA:4035,0
DA:4036,0
DA:4037,0
DA:4038,0
DA:4039,0
DA:4040,0
DA:4045,0
DA:4052,0
DA:4053,0
DA:4054,0
DA:4055,0
DA:4056,0
DA:4057,0
DA:4061,0
DA:4062,0
DA:4063,0
DA:4064,0
DA:4065,0
DA:4068,0
DA:4069,0
DA:4070,0
DA:4071,0
DA:4074,0
DA:4075,0
DA:4077,0
DA:4078,0
DA:4080,0
DA:4083,0
DA:4084,0
DA:4086,0
DA:4090,0
DA:4091,0
DA:4092,0
DA:4094,0
DA:4095,0
DA:4097,0
DA:4098,0
DA:4099,0
DA:4100,0
DA:4101,0
DA:4102,0
DA:4103,0
DA:4106,0
DA:4107,0
DA:4110,0
DA:4111,0
DA:4112,0
DA:4113,0
DA:4115,0
DA:4116,0
DA:4117,0
DA:4118,0
DA:4119,0
DA:4120,0
DA:4125,0
DA:4126,0
DA:4127,0
DA:4128,0
DA:4129,0
DA:4131,0
DA:4132,0
DA:4133,0
DA:4136,0
DA:4141,0
DA:4145,0
DA:4146,0
DA:4147,0
DA:4148,0
DA:4154,0
DA:4155,0
DA:4157,0
DA:4165,0
DA:4166,0
DA:4167,0
DA:4173,0
DA:4174,0
DA:4176,0
DA:4182,0
DA:4183,0
DA:4185,0
DA:4188,0
DA:4192,0
DA:4193,0
DA:4200,0
DA:4203,0
DA:4204,0
DA:4206,0
DA:4207,0
DA:4209,0
DA:4213,0
DA:4214,0
DA:4216,0
DA:4224,0
DA:4225,0
DA:4226,0
DA:4232,0
DA:4233,0
DA:4235,0
DA:4242,0
DA:4243,0
DA:4245,0
DA:4248,0
DA:4252,0
DA:4253,0
DA:4260,0
DA:4263,0
DA:4264,0
DA:4266,0
DA:4267,0
DA:4269,0
DA:4273,0
DA:4274,0
DA:4275,0
DA:4276,0
DA:4277,0
DA:4278,0
DA:4279,0
DA:4280,0
DA:4298,0
DA:4299,0
DA:4302,0
DA:4303,0
DA:4306,0
DA:4307,0
DA:4310,0
DA:4311,0
DA:4325,0
DA:4326,0
DA:4328,0
DA:4329,0
DA:4330,0
DA:4331,0
DA:4332,0
DA:4334,0
DA:4335,0
DA:4337,0
DA:4338,0
DA:4339,0
DA:4340,0
DA:4342,0
DA:4343,0
DA:4345,0
DA:4346,0
DA:4347,0
DA:4348,0
DA:4351,0
DA:4358,0
DA:4359,0
DA:4361,0
DA:4367,0
DA:4368,0
DA:4370,0
DA:4373,0
DA:4377,0
DA:4378,0
DA:4385,0
DA:4388,0
DA:4391,0
DA:4394,0
DA:4396,0
DA:4398,0
DA:4401,0
DA:4403,0
DA:4405,0
DA:4406,0
DA:4407,0
DA:4408,0
DA:4409,0
DA:4412,0
DA:4413,0
DA:4415,0
DA:4416,0
DA:4418,0
DA:4422,0
DA:4423,0
DA:4426,0
DA:4427,0
DA:4428,0
DA:4431,0
DA:4435,0
DA:4440,0
DA:4441,0
DA:4443,0
DA:4444,0
DA:4446,0
DA:4456,0
DA:4462,0
DA:4463,0
DA:4465,0
DA:4466,0
DA:4469,0
DA:4470,0
DA:4472,0
DA:4479,0
DA:4480,0
DA:4482,0
DA:4489,0
DA:4490,0
DA:4492,0
DA:4495,0
DA:4501,0
DA:4502,0
DA:4503,0
DA:4504,0
DA:4505,0
DA:4512,0
DA:4513,0
DA:4515,0
DA:4516,0
DA:4518,0
DA:4521,0
DA:4522,0
DA:4523,0
DA:4524,0
DA:4525,0
DA:4526,0
DA:4527,0
DA:4528,0
DA:4531,0
DA:4535,0
DA:4536,0
DA:4539,0
DA:4540,0
DA:4541,0
DA:4542,0
DA:4545,0
DA:4549,0
DA:4550,0
DA:4553,0
DA:4555,0
DA:4556,0
DA:4559,0
DA:4561,0
DA:4564,0
DA:4565,0
DA:4566,0
DA:4569,0
DA:4570,0
DA:4571,0
DA:4572,0
DA:4576,0
DA:4577,0
DA:4581,0
DA:4582,0
DA:4584,0
DA:4585,0
DA:4586,0
DA:4590,0
DA:4593,0
DA:4594,0
DA:4595,0
DA:4596,0
DA:4600,0
DA:4601,0
DA:4602,0
DA:4603,0
DA:4604,0
DA:4608,0
DA:4609,0
DA:4610,0
DA:4611,0
DA:4612,0
DA:4613,0
DA:4614,0
DA:4615,0
DA:4617,0
DA:4620,0
DA:4623,0
DA:4624,0
DA:4625,0
DA:4628,0
DA:4631,0
DA:4632,0
DA:4633,0
DA:4635,0
DA:4636,0
DA:4637,0
DA:4638,0
DA:4639,0
DA:4642,0
DA:4643,0
DA:4645,0
DA:4647,0
DA:4648,0
DA:4649,0
DA:4651,0
DA:4654,0
DA:4655,0
DA:4656,0
DA:4659,0
DA:4662,0
DA:4663,0
DA:4664,0
DA:4666,0
DA:4667,0
DA:4668,0
DA:4669,0
DA:4670,0
DA:4673,0
DA:4674,0
DA:4676,0
DA:4678,0
DA:4679,0
DA:4680,0
DA:4682,0
DA:4687,0
DA:4689,0
DA:4692,0
DA:4693,0
DA:4694,0
DA:4697,0
DA:4701,0
DA:4702,0
DA:4703,0
DA:4705,0
DA:4706,0
DA:4707,0
DA:4708,0
DA:4709,0
DA:4712,0
DA:4713,0
DA:4714,0
DA:4716,0
DA:4718,0
DA:4719,0
DA:4720,0
DA:4721,0
DA:4723,0
DA:4727,0
DA:4730,0
DA:4731,0
DA:4733,0
DA:4734,0
DA:4735,0
DA:4738,0
DA:4739,0
DA:4741,0
DA:4742,0
DA:4743,0
DA:4744,0
DA:4748,0
DA:4751,0
DA:4752,0
DA:4753,0
DA:4754,0
DA:4755,0
DA:4756,0
DA:4757,0
DA:4758,0
DA:4759,0
DA:4760,0
DA:4761,0
DA:4762,0
DA:4763,0
DA:4776,0
DA:4778,0
DA:4782,0
DA:4783,0
DA:4784,0
DA:4785,0
DA:4786,0
DA:4787,0
DA:4788,0
DA:4790,0
DA:4791,0
DA:4795,0
DA:4799,0
DA:4802,0
DA:4803,0
DA:4804,0
DA:4805,0
DA:4806,0
DA:4808,0
DA:4811,0
DA:4812,0
DA:4813,0
DA:4814,0
DA:4816,0
DA:4817,0
DA:4833,0
DA:4834,0
DA:4837,0
DA:4840,0
DA:4841,0
DA:4842,0
DA:4850,0
DA:4851,0
DA:4853,0
DA:4855,0
DA:4858,0
DA:4859,0
DA:4860,0
DA:4863,0
DA:4867,0
DA:4871,0
DA:4875,0
DA:4879,0
DA:4885,0
DA:4886,0
DA:4895,0
DA:4896,0
DA:4897,0
DA:4898,0
DA:4899,0
DA:4900,0
DA:4901,0
DA:4903,0
DA:4904,0
DA:4905,0
DA:4906,0
DA:4907,0
DA:4915,0
DA:4921,0
DA:4928,0
DA:4935,0
DA:4941,0
DA:4944,0
DA:4952,0
DA:4971,0
DA:4972,0
DA:4973,0
DA:4974,0
DA:4982,0
DA:4991,0
DA:4992,0
DA:4993,0
DA:4995,0
DA:5002,0
DA:5006,0
DA:5016,0
DA:5017,0
DA:5020,0
DA:5029,0
DA:5033,0
DA:5034,0
DA:5035,0
DA:5036,0
DA:5037,0
DA:5038,0
DA:5039,0
DA:5040,0
DA:5041,0
DA:5042,0
DA:5043,0
DA:5044,0
DA:5047,0
DA:5052,0
DA:5053,0
DA:5054,0
DA:5055,0
DA:5056,0
DA:5057,0
DA:5063,0
DA:5065,0
DA:5066,0
DA:5067,0
DA:5068,0
DA:5079,0
DA:5080,0
DA:5083,0
DA:5084,0
DA:5087,0
DA:5088,0
DA:5091,0
DA:5093,0
DA:5094,0
DA:5096,0
DA:5097,0
DA:5098,0
DA:5099,0
DA:5100,0
DA:5101,0
DA:5103,0
DA:5106,0
DA:5107,0
DA:5110,0
DA:5111,0
DA:5112,0
DA:5120,0
DA:5127,0
DA:5140,0
DA:5141,0
DA:5142,0
DA:5143,0
DA:5146,0
DA:5147,0
DA:5163,0
DA:5164,0
DA:5165,0
DA:5166,0
DA:5167,0
DA:5170,0
DA:5174,0
DA:5176,0
DA:5180,0
DA:5181,0
DA:5185,0
DA:5200,0
DA:5202,0
DA:5203,0
DA:5205,0
DA:5206,0
DA:5207,0
DA:5208,0
DA:5210,0
DA:5212,0
DA:5213,0
DA:5216,0
DA:5217,0
DA:5220,0
DA:5221,0
DA:5224,0
DA:5225,0
DA:5226,0
DA:5228,0
DA:5229,0
DA:5231,0
DA:5232,0
DA:5233,0
DA:5237,0
DA:5238,0
DA:5239,0
DA:5241,0
DA:5245,0
DA:5249,0
DA:5262,0
DA:5269,0
DA:5270,0
DA:5279,0
DA:5280,0
DA:5281,0
DA:5284,0
DA:5285,0
DA:5291,0
DA:5292,0
DA:5293,0
DA:5294,0
DA:5295,0
DA:5296,0
DA:5298,0
DA:5301,0
DA:5302,0
DA:5303,0
DA:5304,0
DA:5305,0
DA:5306,0
DA:5307,0
DA:5308,0
DA:5309,0
DA:5310,0
DA:5311,0
DA:5312,0
DA:5313,0
DA:5314,0
DA:5315,0
DA:5316,0
DA:5320,0
DA:5321,0
DA:5324,0
DA:5325,0
DA:5335,0
DA:5338,0
DA:5339,0
DA:5340,0
DA:5341,0
DA:5342,0
DA:5343,0
DA:5344,0
DA:5345,0
DA:5346,0
DA:5347,0
DA:5348,0
DA:5349,0
DA:5350,0
DA:5351,0
DA:5352,0
DA:5356,0
DA:5358,0
DA:5360,0
DA:5362,0
DA:5364,0
DA:5374,0
DA:5375,0
DA:5378,0
DA:5380,0
DA:5381,0
DA:5382,0
DA:5385,0
DA:5386,0
DA:5387,0
DA:5388,0
DA:5389,0
DA:5390,0
DA:5391,0
DA:5392,0
DA:5394,0
DA:5395,0
DA:5396,0
DA:5397,0
DA:5402,0
DA:5403,0
DA:5404,0
DA:5407,0
DA:5408,0
DA:5409,0
DA:5411,0
DA:5412,0
DA:5414,0
DA:5415,0
DA:5417,0
DA:5420,0
DA:5422,0
DA:5424,0
DA:5428,0
DA:5430,0
DA:5432,0
DA:5436,0
DA:5440,0
DA:5462,0
DA:5464,0
DA:5466,0
DA:5467,0
DA:5479,0
DA:5487,0
DA:5488,0
DA:5506,0
DA:5507,0
DA:5523,0
DA:5524,0
DA:5540,0
DA:5541,0
DA:5542,0
DA:5544,0
DA:5554,0
DA:5555,0
DA:5556,0
DA:5558,0
DA:5580,0
DA:5581,0
DA:5596,0
DA:5598,0
DA:5600,0
DA:5601,0
DA:5603,0
DA:5604,0
DA:5606,0
DA:5608,0
DA:5610,0
DA:5611,0
DA:5613,0
DA:5614,0
DA:5616,0
DA:5618,0
DA:5619,0
DA:5623,0
DA:5626,0
DA:5628,0
DA:5629,0
DA:5630,0
DA:5631,0
DA:5634,0
DA:5641,0
DA:5643,0
DA:5644,0
DA:5645,0
DA:5648,0
DA:5654,0
DA:5658,0
DA:5667,0
DA:5668,0
DA:5672,0
DA:5674,0
DA:5675,0
DA:5676,0
DA:5678,0
DA:5679,0
DA:5682,0
DA:5685,0
DA:5686,0
DA:5695,0
DA:5696,0
DA:5698,0
DA:5709,0
DA:5710,0
DA:5719,0
DA:5720,0
DA:5729,0
DA:5733,0
DA:5736,0
DA:5756,0
DA:5757,0
DA:5760,0
DA:5762,0
DA:5763,0
DA:5766,0
DA:5769,0
DA:5770,0
DA:5774,0
DA:5775,0
DA:5780,0
DA:5781,0
DA:5783,0
DA:5784,0
DA:5785,0
DA:5786,0
DA:5787,0
DA:5788,0
DA:5791,0
DA:5792,0
DA:5795,0
DA:5796,0
DA:5799,0
DA:5800,0
DA:5801,0
DA:5802,0
DA:5805,0
DA:5807,0
DA:5810,0
DA:5821,0
DA:5824,0
DA:5827,0
DA:5828,0
DA:5833,0
DA:5835,0
DA:5836,0
DA:5837,0
DA:5838,0
DA:5840,0
DA:5841,0
DA:5844,0
DA:5847,0
DA:5848,0
DA:5863,0
DA:5865,0
DA:5866,0
DA:5870,0
DA:5871,0
DA:5875,0
DA:5876,0
DA:5880,0
DA:5881,0
DA:5885,0
DA:5886,0
DA:5889,0
DA:5890,0
DA:5894,0
DA:5895,0
DA:5899,0
DA:5900,0
DA:5904,0
DA:5916,0
DA:5917,0
DA:5920,0
DA:5921,0
DA:5925,0
DA:5926,0
DA:5930,0
DA:5931,0
DA:5935,0
DA:5936,0
DA:5940,0
DA:5950,0
DA:5951,0
DA:5953,0
DA:5956,0
DA:5971,0
DA:5974,0
DA:5975,0
DA:5976,0
DA:5977,0
DA:5982,0
DA:5985,0
DA:5986,0
DA:5987,0
DA:5988,0
DA:6014,0
DA:6015,0
DA:6016,0
DA:6017,0
DA:6018,0
DA:6020,0
DA:6022,0
DA:6023,0
DA:6025,0
DA:6027,0
DA:6029,0
DA:6030,0
DA:6035,0
DA:6037,0
DA:6040,0
DA:6043,0
DA:6045,0
DA:6046,0
DA:6049,0
DA:6053,0
DA:6057,0
DA:6060,0
DA:6061,0
DA:6062,0
DA:6066,0
DA:6070,0
DA:6072,0
DA:6075,0
DA:6076,0
DA:6077,0
DA:6078,0
DA:6088,0
DA:6089,0
DA:6090,0
DA:6097,0
DA:6098,0
DA:6099,0
DA:6103,0
DA:6111,0
DA:6115,0
DA:6119,0
DA:6120,0
DA:6121,0
DA:6124,0
DA:6125,0
DA:6126,0
DA:6129,0
[...]
DA:31,0
DA:37,0
DA:38,0
DA:42,0
DA:45,0
DA:50,0
DA:52,0
DA:53,0
DA:56,0
DA:61,0
DA:62,0
DA:65,0
DA:66,0
DA:69,0
DA:74,0
DA:75,0
DA:77,0
DA:78,0
DA:80,0
DA:81,0
DA:86,0
DA:89,0
DA:90,0
DA:96,0
DA:102,0
DA:104,0
DA:110,0
DA:111,0
DA:115,0
DA:119,0
DA:120,0
DA:121,0
DA:122,0
DA:123,0
DA:125,0
DA:144,0
DA:146,0
DA:149,0
DA:153,0
LF:54
LH:0
BRDA:10,0,0,0
BRDA:10,0,1,0
BRDA:37,1,0,0
BRDA:37,1,1,0
BRDA:81,2,0,0
BRDA:81,2,1,0
BRDA:82,3,0,0
BRDA:82,3,1,0
BRDA:104,4,0,0
BRDA:104,4,1,0
BRDA:105,5,0,0
BRDA:105,5,1,0
BRDA:105,5,2,0
BRDA:105,5,3,0
BRDA:119,6,0,0
BRDA:119,6,1,0
BRF:16
BRH:0
end_of_record
TN:
SF:github-flow-mirror-repo/index.js
FN:22,processRepo
FN:133,run
FNF:2
FNH:2
FNDA:2,processRepo
FNDA:1,run
DA:4,1
DA:5,1
DA:6,1
DA:7,1
DA:8,1
DA:9,1
DA:10,1
DA:23,2
DA:24,2
DA:29,2
DA:30,2
DA:34,1
DA:35,1
DA:37,1
DA:38,0
DA:41,1
DA:43,1
DA:50,1
DA:51,1
DA:52,1
DA:54,1
DA:57,1
DA:60,1
DA:61,1
DA:64,1
DA:65,1
DA:66,1
DA:69,1
DA:70,1
DA:71,1
DA:74,1
DA:75,1
DA:97,1
DA:102,1
DA:103,1
DA:106,1
DA:107,1
DA:108,1
DA:111,1
DA:112,1
DA:113,1
DA:114,1
DA:115,1
DA:117,1
DA:118,1
DA:124,1
DA:134,1
DA:135,1
DA:136,1
DA:137,1
DA:138,0
DA:139,0
DA:140,0
DA:141,0
DA:142,0
DA:144,0
DA:145,0
DA:148,0
DA:149,0
DA:154,1
DA:155,1
DA:158,1
DA:160,1
LF:63
LH:53
BRDA:22,0,0,2
BRDA:24,1,0,0
BRDA:24,1,1,2
BRDA:37,2,0,0
BRDA:37,2,1,1
BRDA:140,3,0,0
BRDA:148,4,0,0
BRDA:148,4,1,0
BRF:8
BRH:3
end_of_record
TN:
SF:github-flow-sync-with-mirror/index.js
FN:8,run
FNF:1
FNH:0
FNDA:0,run
DA:1,0
DA:2,0
DA:3,0
DA:4,0
DA:5,0
DA:6,0
DA:9,0
DA:10,0
DA:11,0
DA:12,0
DA:13,0
DA:14,0
DA:15,0
DA:17,0
DA:19,0
DA:20,0
DA:21,0
DA:22,0
DA:25,0
DA:26,0
DA:27,0
DA:30,0
DA:31,0
DA:32,0
DA:35,0
DA:38,0
DA:41,0
DA:42,0
DA:45,0
DA:48,0
DA:49,0
DA:50,0
DA:53,0
DA:56,0
DA:57,0
DA:58,0
DA:62,0
DA:63,0
DA:69,0
DA:70,0
DA:76,0
DA:80,0
DA:81,0
DA:82,0
DA:83,0
DA:84,0
DA:87,0
DA:88,0
DA:91,0
DA:94,0
DA:95,0
DA:96,0
DA:97,0
DA:98,0
DA:99,0
DA:101,0
DA:102,0
DA:103,0
DA:104,0
DA:105,0
DA:107,0
DA:112,0
DA:113,0
DA:115,0
DA:117,0
DA:118,0
DA:126,0
DA:128,0
DA:129,0
DA:130,0
DA:131,0
DA:133,0
DA:137,0
DA:141,0
LF:74
LH:0
BRDA:56,0,0,0
BRDA:56,0,1,0
BRDA:103,1,0,0
BRDA:103,1,1,0
BRDA:130,2,0,0
BRDA:130,2,1,0
BRF:6
BRH:0
end_of_record
TN:
SF:github-flow-update-pr-title/index.js
FN:4,run
FNF:1
FNH:0
FNDA:0,run
DA:1,0
DA:2,0
DA:5,0
DA:6,0
DA:7,0
DA:8,0
DA:11,0
DA:12,0
DA:13,0
DA:16,0
DA:17,0
DA:19,0
DA:26,0
DA:28,0
DA:32,0
LF:15
LH:0
BRDA:11,0,0,0
BRDA:11,0,1,0
BRF:2
BRH:0
end_of_record
TN:
SF:github-flow-update-release-notes/index.js
FN:5,run
FN:36,(anonymous_1)
FN:75,(anonymous_2)
FNF:3
FNH:0
FNDA:0,run
FNDA:0,(anonymous_1)
FNDA:0,(anonymous_2)
DA:1,0
DA:2,0
DA:3,0
DA:6,0
DA:7,0
DA:8,0
DA:9,0
DA:10,0
DA:12,0
DA:15,0
DA:19,0
DA:20,0
DA:22,0
DA:23,0
DA:26,0
DA:33,0
DA:34,0
DA:36,0
DA:38,0
DA:40,0
DA:41,0
DA:43,0
DA:44,0
DA:45,0
DA:46,0
DA:49,0
DA:52,0
DA:55,0
DA:56,0
DA:58,0
DA:59,0
DA:62,0
DA:70,0
DA:73,0
DA:74,0
DA:75,0
DA:78,0
DA:79,0
DA:80,0
DA:86,0
DA:88,0
DA:89,0
DA:90,0
DA:93,0
DA:94,0
DA:98,0
LF:46
LH:0
BRDA:45,0,0,0
BRDA:45,0,1,0
BRDA:78,1,0,0
BRDA:78,1,1,0
BRF:4
BRH:0
end_of_record
TN:
SF:github-flow-update-release-notes/dist/733.index.js
FN:7,(anonymous_0)
FN:14,(anonymous_1)
FN:18,getUserAgent
FN:35,register
FN:45,(anonymous_4)
FN:50,(anonymous_5)
FN:55,(anonymous_6)
FN:64,addHook
FN:71,(anonymous_8)
FN:79,(anonymous_9)
FN:83,(anonymous_10)
FN:87,(anonymous_11)
FN:94,(anonymous_12)
FN:97,(anonymous_13)
FN:112,removeHook
FN:118,(anonymous_15)
FN:141,bindApi
FN:148,(anonymous_17)
FN:154,Singular
FN:164,Collection
FN:199,lowercaseKeys
FN:203,(anonymous_21)
FN:210,isPlainObject
FN:223,mergeDeep
FN:225,(anonymous_24)
FN:239,removeUndefinedProperties
FN:249,merge
FN:263,(anonymous_27)
FN:266,(anonymous_28)
FN:272,addQueryParameters
FN:278,(anonymous_30)
FN:288,removeNonChars
FN:291,extractUrlVariableNames
FN:296,(anonymous_33)
FN:300,omit
FN:311,encodeReserved
FN:312,(anonymous_36)
FN:319,encodeUnreserved
FN:320,(anonymous_38)
FN:324,encodeValue
FN:332,isDefined
FN:335,isKeyOperator
FN:338,getValues
FN:352,(anonymous_43)
FN:358,(anonymous_44)
FN:367,(anonymous_45)
FN:371,(anonymous_46)
FN:398,parseUrl
FN:403,expand
FN:407,(anonymous_49)
FN:415,(anonymous_50)
FN:443,parse
FN:461,(anonymous_52)
FN:467,(anonymous_53)
FN:476,(anonymous_54)
FN:508,endpointWithDefaults
FN:513,withDefaults
FN:543,(anonymous_57)
FN:586,dist_bundle_isPlainObject
FN:597,fetchWrapper
FN:608,(anonymous_60)
FN:695,getResponseData
FN:698,(anonymous_62)
FN:698,(anonymous_63)
FN:705,toErrorMessage
FN:714,(anonymous_65)
FN:720,dist_bundle_withDefaults
FN:722,(anonymous_67)
FN:727,(anonymous_68)
FN:763,_buildMessageForResponseErrors
FN:765,(anonymous_70)
FN:768,(anonymous_71)
FN:796,graphql
FN:816,(anonymous_73)
FN:831,(anonymous_74)
FN:848,graphql_dist_bundle_withDefaults
FN:850,(anonymous_76)
FN:867,withCustomRequest
FN:880,auth
FN:893,withAuthorizationPrefix
FN:901,hook
FN:911,createTokenAuth2
FN:938,(anonymous_82)
FN:945,(anonymous_83)
FN:947,(anonymous_84)
FN:974,(anonymous_85)
FN:978,(anonymous_86)
FN:983,(anonymous_87)
FN:1021,(anonymous_88)
FN:1071,requestLog
FN:1072,(anonymous_90)
FN:1077,(anonymous_91)
FN:1083,(anonymous_92)
FN:1100,normalizePaginatedListResponse
FN:1129,iterator
FN:1136,(anonymous_95)
FN:1137,(anonymous_96)
FN:1163,paginate
FN:1175,gather
FN:1176,(anonymous_99)
FN:1181,done
FN:1441,isPaginatingEndpoint
FN:1450,paginateRest
FN:3434,(anonymous_103)
FN:3437,(anonymous_104)
FN:3446,(anonymous_105)
FN:3450,(anonymous_106)
FN:3454,(anonymous_107)
FN:3457,(anonymous_108)
FN:3460,(anonymous_109)
FN:3483,endpointsToMethods
FN:3490,decorate
FN:3492,withDecorations
FN:3537,restEndpointMethods
FN:3544,legacyRestEndpointMethods
FNF:115
FNH:0
FNDA:0,(anonymous_0)
FNDA:0,(anonymous_1)
FNDA:0,getUserAgent
FNDA:0,register
FNDA:0,(anonymous_4)
FNDA:0,(anonymous_5)
FNDA:0,(anonymous_6)
FNDA:0,addHook
FNDA:0,(anonymous_8)
FNDA:0,(anonymous_9)
FNDA:0,(anonymous_10)
FNDA:0,(anonymous_11)
FNDA:0,(anonymous_12)
FNDA:0,(anonymous_13)
FNDA:0,removeHook
FNDA:0,(anonymous_15)
FNDA:0,bindApi
FNDA:0,(anonymous_17)
FNDA:0,Singular
FNDA:0,Collection
FNDA:0,lowercaseKeys
FNDA:0,(anonymous_21)
FNDA:0,isPlainObject
FNDA:0,mergeDeep
FNDA:0,(anonymous_24)
FNDA:0,removeUndefinedProperties
FNDA:0,merge
FNDA:0,(anonymous_27)
FNDA:0,(anonymous_28)
FNDA:0,addQueryParameters
FNDA:0,(anonymous_30)
FNDA:0,removeNonChars
FNDA:0,extractUrlVariableNames
FNDA:0,(anonymous_33)
FNDA:0,omit
FNDA:0,encodeReserved
FNDA:0,(anonymous_36)
FNDA:0,encodeUnreserved
FNDA:0,(anonymous_38)
FNDA:0,encodeValue
FNDA:0,isDefined
FNDA:0,isKeyOperator
FNDA:0,getValues
FNDA:0,(anonymous_43)
FNDA:0,(anonymous_44)
FNDA:0,(anonymous_45)
FNDA:0,(anonymous_46)
FNDA:0,parseUrl
FNDA:0,expand
FNDA:0,(anonymous_49)
FNDA:0,(anonymous_50)
FNDA:0,parse
FNDA:0,(anonymous_52)
FNDA:0,(anonymous_53)
FNDA:0,(anonymous_54)
FNDA:0,endpointWithDefaults
FNDA:0,withDefaults
FNDA:0,(anonymous_57)
FNDA:0,dist_bundle_isPlainObject
FNDA:0,fetchWrapper
FNDA:0,(anonymous_60)
FNDA:0,getResponseData
FNDA:0,(anonymous_62)
FNDA:0,(anonymous_63)
FNDA:0,toErrorMessage
FNDA:0,(anonymous_65)
FNDA:0,dist_bundle_withDefaults
FNDA:0,(anonymous_67)
FNDA:0,(anonymous_68)
FNDA:0,_buildMessageForResponseErrors
FNDA:0,(anonymous_70)
FNDA:0,(anonymous_71)
FNDA:0,graphql
FNDA:0,(anonymous_73)
FNDA:0,(anonymous_74)
FNDA:0,graphql_dist_bundle_withDefaults
FNDA:0,(anonymous_76)
FNDA:0,withCustomRequest
FNDA:0,auth
FNDA:0,withAuthorizationPrefix
FNDA:0,hook
FNDA:0,createTokenAuth2
FNDA:0,(anonymous_82)
FNDA:0,(anonymous_83)
FNDA:0,(anonymous_84)
FNDA:0,(anonymous_85)
FNDA:0,(anonymous_86)
FNDA:0,(anonymous_87)
FNDA:0,(anonymous_88)
FNDA:0,requestLog
FNDA:0,(anonymous_90)
FNDA:0,(anonymous_91)
FNDA:0,(anonymous_92)
FNDA:0,normalizePaginatedListResponse
FNDA:0,iterator
FNDA:0,(anonymous_95)
FNDA:0,(anonymous_96)
FNDA:0,paginate
FNDA:0,gather
FNDA:0,(anonymous_99)
FNDA:0,done
FNDA:0,isPaginatingEndpoint
FNDA:0,paginateRest
FNDA:0,(anonymous_103)
FNDA:0,(anonymous_104)
FNDA:0,(anonymous_105)
FNDA:0,(anonymous_106)
FNDA:0,(anonymous_107)
FNDA:0,(anonymous_108)
FNDA:0,(anonymous_109)
FNDA:0,endpointsToMethods
FNDA:0,decorate
FNDA:0,withDecorations
FNDA:0,restEndpointMethods
FNDA:0,legacyRestEndpointMethods
DA:2,0
DA:3,0
DA:4,0
DA:10,0
DA:13,0
DA:14,0
DA:19,0
DA:20,0
DA:23,0
DA:24,0
DA:29,0
DA:36,0
DA:37,0
DA:40,0
DA:41,0
DA:44,0
DA:45,0
DA:46,0
DA:50,0
DA:51,0
DA:52,0
DA:55,0
DA:56,0
DA:65,0
DA:66,0
DA:67,0
DA:70,0
DA:71,0
DA:72,0
DA:78,0
DA:79,0
DA:81,0
DA:84,0
DA:85,0
DA:88,0
DA:93,0
DA:94,0
DA:95,0
DA:98,0
DA:103,0
DA:113,0
DA:114,0
DA:117,0
DA:119,0
DA:123,0
DA:124,0
DA:127,0
DA:138,0
DA:139,0
DA:142,0
DA:146,0
DA:147,0
DA:148,0
DA:149,0
DA:150,0
DA:155,0
DA:156,0
DA:159,0
DA:160,0
DA:161,0
DA:165,0
DA:169,0
DA:170,0
DA:172,0
DA:175,0
DA:182,0
DA:185,0
DA:186,0
DA:200,0
DA:201,0
DA:203,0
DA:204,0
DA:205,0
DA:211,0
DA:212,0
DA:213,0
DA:214,0
DA:215,0
DA:216,0
DA:217,0
DA:218,0
DA:219,0
DA:224,0
DA:225,0
DA:226,0
DA:227,0
DA:228,0
DA:230,0
DA:232,0
DA:235,0
DA:240,0
DA:241,0
DA:242,0
DA:245,0
DA:250,0
DA:251,0
DA:252,0
DA:254,0
DA:256,0
DA:257,0
DA:258,0
DA:259,0
DA:260,0
DA:261,0
DA:262,0
DA:263,0
DA:266,0
DA:268,0
DA:273,0
DA:274,0
DA:275,0
DA:276,0
DA:278,0
DA:279,0
DA:280,0
DA:282,0
DA:287,0
DA:289,0
DA:292,0
DA:293,0
DA:294,0
DA:296,0
DA:301,0
DA:302,0
DA:303,0
DA:304,0
DA:307,0
DA:312,0
DA:313,0
DA:314,0
DA:316,0
DA:320,0
DA:321,0
DA:325,0
DA:326,0
DA:327,0
DA:329,0
DA:333,0
DA:336,0
DA:339,0
DA:340,0
DA:341,0
DA:342,0
DA:343,0
DA:344,0
DA:346,0
DA:350,0
DA:351,0
DA:352,0
DA:353,0
DA:358,0
DA:359,0
DA:360,0
DA:365,0
DA:366,0
DA:367,0
DA:368,0
DA:371,0
DA:372,0
DA:373,0
DA:374,0
DA:378,0
DA:379,0
DA:380,0
DA:381,0
DA:386,0
DA:387,0
DA:388,0
DA:390,0
DA:391,0
DA:392,0
DA:393,0
DA:396,0
DA:399,0
DA:404,0
DA:405,0
DA:408,0
DA:409,0
DA:410,0
DA:411,0
DA:412,0
DA:413,0
DA:415,0
DA:416,0
DA:417,0
DA:419,0
DA:420,0
DA:421,0
DA:422,0
DA:423,0
DA:424,0
DA:426,0
DA:428,0
DA:431,0
DA:435,0
DA:436,0
DA:438,0
DA:444,0
DA:445,0
DA:446,0
DA:448,0
DA:456,0
DA:457,0
DA:458,0
DA:459,0
DA:461,0
DA:462,0
DA:463,0
DA:464,0
DA:465,0
DA:466,0
DA:467,0
DA:473,0
DA:474,0
DA:475,0
DA:476,0
DA:477,0
DA:478,0
DA:483,0
DA:484,0
DA:486,0
DA:487,0
DA:489,0
DA:490,0
DA:494,0
DA:495,0
DA:497,0
DA:498,0
DA:500,0
DA:509,0
DA:514,0
DA:515,0
DA:516,0
DA:525,0
DA:544,0
DA:545,0
DA:546,0
DA:547,0
DA:548,0
DA:550,0
DA:551,0
DA:553,0
DA:554,0
DA:555,0
DA:562,0
DA:563,0
DA:576,0
DA:579,0
DA:587,0
DA:588,0
DA:589,0
DA:590,0
DA:591,0
DA:592,0
DA:598,0
DA:599,0
DA:600,0
DA:604,0
DA:605,0
DA:606,0
DA:607,0
DA:608,0
DA:614,0
DA:615,0
DA:626,0
DA:627,0
DA:628,0
DA:629,0
DA:630,0
DA:632,0
DA:633,0
DA:634,0
DA:635,0
DA:636,0
DA:637,0
DA:641,0
DA:644,0
DA:645,0
DA:647,0
DA:648,0
DA:649,0
DA:650,0
DA:651,0
DA:653,0
DA:659,0
DA:660,0
DA:661,0
DA:662,0
DA:666,0
DA:667,0
DA:669,0
DA:670,0
DA:671,0
DA:673,0
DA:678,0
DA:679,0
DA:680,0
DA:685,0
DA:686,0
DA:687,0
DA:692,0
DA:693,0
DA:696,0
DA:697,0
DA:698,0
DA:700,0
DA:701,0
DA:703,0
DA:706,0
DA:707,0
DA:709,0
DA:710,0
DA:712,0
DA:713,0
DA:714,0
DA:716,0
DA:721,0
DA:722,0
DA:723,0
DA:724,0
DA:725,0
DA:727,0
DA:728,0
DA:732,0
DA:736,0
DA:738,0
DA:745,0
DA:754,0
DA:764,0
DA:765,0
DA:767,0
DA:769,0
DA:770,0
DA:771,0
DA:772,0
DA:773,0
DA:774,0
DA:775,0
DA:776,0
DA:779,0
DA:785,0
DA:794,0
DA:795,0
DA:797,0
DA:798,0
DA:799,0
DA:803,0
DA:804,0
DA:805,0
DA:806,0
DA:813,0
DA:814,0
DA:817,0
DA:818,0
DA:819,0
DA:821,0
DA:822,0
DA:824,0
DA:825,0
DA:827,0
DA:828,0
DA:829,0
DA:831,0
DA:832,0
DA:833,0
DA:834,0
DA:835,0
DA:837,0
DA:843,0
DA:849,0
DA:850,0
DA:851,0
DA:853,0
DA:860,0
DA:868,0
DA:877,0
DA:878,0
DA:879,0
DA:881,0
DA:882,0
DA:883,0
DA:884,0
DA:885,0
DA:894,0
DA:895,0
DA:897,0
DA:902,0
DA:906,0
DA:907,0
DA:911,0
DA:912,0
DA:913,0
DA:915,0
DA:916,0
DA:920,0
DA:921,0
DA:928,0
DA:938,0
DA:940,0
DA:941,0
DA:942,0
DA:944,0
DA:946,0
DA:948,0
DA:949,0
DA:950,0
DA:951,0
DA:953,0
DA:965,0
DA:967,0
DA:975,0
DA:976,0
DA:977,0
DA:978,0
DA:981,0
DA:984,0
DA:985,0
DA:997,0
DA:998,0
DA:999,0
DA:1001,0
DA:1002,0
DA:1004,0
DA:1005,0
DA:1007,0
DA:1008,0
DA:1009,0
DA:1018,0
DA:1019,0
DA:1020,0
DA:1021,0
DA:1025,0
DA:1026,0
DA:1027,0
DA:1030,0
DA:1031,0
DA:1047,0
DA:1048,0
DA:1050,0
DA:1051,0
DA:1052,0
DA:1066,0
DA:1072,0
DA:1073,0
DA:1074,0
DA:1075,0
DA:1076,0
DA:1077,0
DA:1078,0
DA:1079,0
DA:1082,0
DA:1084,0
DA:1085,0
DA:1088,0
DA:1092,0
DA:1097,0
DA:1101,0
DA:1102,0
DA:1107,0
DA:1108,0
DA:1109,0
DA:1110,0
DA:1111,0
DA:1112,0
DA:1113,0
DA:1114,0
DA:1115,0
DA:1116,0
DA:1117,0
DA:1118,0
DA:1119,0
DA:1121,0
DA:1122,0
DA:1124,0
DA:1125,0
DA:1130,0
DA:1131,0
DA:1132,0
DA:1133,0
DA:1134,0
DA:1135,0
DA:1136,0
DA:1138,0
DA:1139,0
DA:1140,0
DA:1141,0
DA:1142,0
DA:1145,0
DA:1147,0
DA:1148,0
DA:1149,0
DA:1164,0
DA:1165,0
DA:1166,0
DA:1168,0
DA:1176,0
DA:1177,0
DA:1178,0
DA:1180,0
DA:1182,0
DA:1184,0
DA:1187,0
DA:1188,0
DA:1190,0
DA:1195,0
DA:1200,0
DA:1442,0
DA:1443,0
DA:1445,0
DA:1451,0
DA:1457,0
DA:1461,0
DA:1466,0
DA:3404,0
DA:3410,0
DA:3411,0
DA:3412,0
DA:3413,0
DA:3414,0
DA:3415,0
DA:3422,0
DA:3423,0
DA:3425,0
DA:3433,0
DA:3435,0
DA:3438,0
DA:3447,0
DA:3448,0
DA:3451,0
DA:3452,0
DA:3455,0
DA:3458,0
DA:3461,0
DA:3462,0
DA:3464,0
DA:3465,0
DA:3466,0
DA:3468,0
DA:3469,0
DA:3470,0
DA:3478,0
DA:3480,0
DA:3484,0
DA:3485,0
DA:3486,0
DA:3488,0
DA:3491,0
DA:3493,0
DA:3494,0
DA:3495,0
DA:3499,0
DA:3501,0
DA:3502,0
DA:3503,0
DA:3507,0
DA:3508,0
DA:3510,0
DA:3511,0
DA:3512,0
DA:3515,0
DA:3516,0
DA:3519,0
DA:3520,0
DA:3522,0
DA:3525,0
DA:3527,0
DA:3529,0
DA:3538,0
DA:3539,0
DA:3543,0
DA:3545,0
DA:3546,0
DA:3551,0
DA:3556,0
DA:3565,0
LF:575
LH:0
BRDA:19,0,0,0
BRDA:19,0,1,0
BRDA:19,1,0,0
BRDA:19,1,1,0
BRDA:23,2,0,0
BRDA:23,2,1,0
BRDA:23,3,0,0
BRDA:23,3,1,0
BRDA:36,4,0,0
BRDA:36,4,1,0
BRDA:40,5,0,0
BRDA:40,5,1,0
BRDA:44,6,0,0
BRDA:44,6,1,0
BRDA:51,7,0,0
BRDA:51,7,1,0
BRDA:66,8,0,0
BRDA:66,8,1,0
BRDA:70,9,0,0
BRDA:70,9,1,0
BRDA:78,10,0,0
BRDA:78,10,1,0
BRDA:93,11,0,0
BRDA:93,11,1,0
BRDA:113,12,0,0
BRDA:113,12,1,0
BRDA:123,13,0,0
BRDA:123,13,1,0
BRDA:144,14,0,0
BRDA:144,14,1,0
BRDA:149,15,0,0
BRDA:149,15,1,0
BRDA:200,16,0,0
BRDA:200,16,1,0
BRDA:211,17,0,0
BRDA:211,17,1,0
BRDA:211,18,0,0
BRDA:211,18,1,0
BRDA:213,19,0,0
BRDA:213,19,1,0
BRDA:216,20,0,0
BRDA:216,20,1,0
BRDA:218,21,0,0
BRDA:218,21,1,0
BRDA:219,22,0,0
BRDA:219,22,1,0
BRDA:219,22,2,0
BRDA:226,23,0,0
BRDA:226,23,1,0
BRDA:227,24,0,0
BRDA:227,24,1,0
BRDA:241,25,0,0
BRDA:241,25,1,0
BRDA:250,26,0,0
BRDA:250,26,1,0
BRDA:252,27,0,0
BRDA:252,27,1,0
BRDA:259,28,0,0
BRDA:259,28,1,0
BRDA:260,29,0,0
BRDA:260,29,1,0
BRDA:261,30,0,0
BRDA:261,30,1,0
BRDA:261,31,0,0
BRDA:261,31,1,0
BRDA:266,32,0,0
BRDA:266,32,1,0
BRDA:273,33,0,0
BRDA:273,33,1,0
BRDA:275,34,0,0
BRDA:275,34,1,0
BRDA:279,35,0,0
BRDA:279,35,1,0
BRDA:293,36,0,0
BRDA:293,36,1,0
BRDA:303,37,0,0
BRDA:303,37,1,0
BRDA:313,38,0,0
BRDA:313,38,1,0
BRDA:325,39,0,0
BRDA:325,39,1,0
BRDA:325,40,0,0
BRDA:325,40,1,0
BRDA:326,41,0,0
BRDA:326,41,1,0
BRDA:333,42,0,0
BRDA:333,42,1,0
BRDA:336,43,0,0
BRDA:336,43,1,0
BRDA:336,43,2,0
BRDA:340,44,0,0
BRDA:340,44,1,0
BRDA:340,45,0,0
BRDA:340,45,1,0
BRDA:341,46,0,0
BRDA:341,46,1,0
BRDA:341,47,0,0
BRDA:341,47,1,0
BRDA:341,47,2,0
BRDA:343,48,0,0
BRDA:343,48,1,0
BRDA:343,49,0,0
BRDA:343,49,1,0
BRDA:347,50,0,0
BRDA:347,50,1,0
BRDA:350,51,0,0
BRDA:350,51,1,0
BRDA:351,52,0,0
BRDA:351,52,1,0
BRDA:354,53,0,0
BRDA:354,53,1,0
BRDA:359,54,0,0
BRDA:359,54,1,0
BRDA:366,55,0,0
BRDA:366,55,1,0
BRDA:372,56,0,0
BRDA:372,56,1,0
BRDA:378,57,0,0
BRDA:378,57,1,0
BRDA:380,58,0,0
BRDA:380,58,1,0
BRDA:386,59,0,0
BRDA:386,59,1,0
BRDA:387,60,0,0
BRDA:387,60,1,0
BRDA:390,61,0,0
BRDA:390,61,1,0
BRDA:390,62,0,0
BRDA:390,62,1,0
BRDA:390,62,2,0
BRDA:392,63,0,0
BRDA:392,63,1,0
BRDA:408,64,0,0
BRDA:408,64,1,0
BRDA:411,65,0,0
BRDA:411,65,1,0
BRDA:417,66,0,0
BRDA:417,66,1,0
BRDA:419,67,0,0
BRDA:419,67,1,0
BRDA:419,68,0,0
BRDA:419,68,1,0
BRDA:421,69,0,0
BRDA:421,69,1,0
BRDA:423,70,0,0
BRDA:423,70,1,0
BRDA:426,71,0,0
BRDA:426,71,1,0
BRDA:435,72,0,0
BRDA:435,72,1,0
BRDA:445,73,0,0
BRDA:445,73,1,0
BRDA:458,74,0,0
BRDA:458,74,1,0
BRDA:464,75,0,0
BRDA:464,75,1,0
BRDA:465,76,0,0
BRDA:465,76,1,0
BRDA:473,77,0,0
BRDA:473,77,1,0
BRDA:474,78,0,0
BRDA:474,78,1,0
BRDA:475,79,0,0
BRDA:475,79,1,0
BRDA:477,80,0,0
BRDA:477,80,1,0
BRDA:483,81,0,0
BRDA:483,81,1,0
BRDA:486,82,0,0
BRDA:486,82,1,0
BRDA:489,83,0,0
BRDA:489,83,1,0
BRDA:494,84,0,0
BRDA:494,84,1,0
BRDA:494,85,0,0
BRDA:494,85,1,0
BRDA:497,86,0,0
BRDA:497,86,1,0
BRDA:497,87,0,0
BRDA:497,87,1,0
BRDA:502,88,0,0
BRDA:502,88,1,0
BRDA:503,89,0,0
BRDA:503,89,1,0
BRDA:547,90,0,0
BRDA:547,90,1,0
BRDA:550,91,0,0
BRDA:550,91,1,0
BRDA:554,92,0,0
BRDA:554,92,1,0
BRDA:587,93,0,0
BRDA:587,93,1,0
BRDA:587,94,0,0
BRDA:587,94,1,0
BRDA:588,95,0,0
BRDA:588,95,1,0
BRDA:590,96,0,0
BRDA:590,96,1,0
BRDA:591,97,0,0
BRDA:591,97,1,0
BRDA:592,98,0,0
BRDA:592,98,1,0
BRDA:592,98,2,0
BRDA:598,99,0,0
BRDA:598,99,1,0
BRDA:599,100,0,0
BRDA:599,100,1,0
BRDA:604,101,0,0
BRDA:604,101,1,0
BRDA:606,102,0,0
BRDA:606,102,1,0
BRDA:606,103,0,0
BRDA:606,103,1,0
BRDA:623,104,0,0
BRDA:623,104,1,0
BRDA:627,105,0,0
BRDA:627,105,1,0
BRDA:628,106,0,0
BRDA:628,106,1,0
BRDA:633,107,0,0
BRDA:633,107,1,0
BRDA:633,108,0,0
BRDA:633,108,1,0
BRDA:634,109,0,0
BRDA:634,109,1,0
BRDA:636,110,0,0
BRDA:636,110,1,0
BRDA:659,111,0,0
BRDA:659,111,1,0
BRDA:660,112,0,0
BRDA:660,112,1,0
BRDA:661,113,0,0
BRDA:661,113,1,0
BRDA:663,114,0,0
BRDA:663,114,1,0
BRDA:666,115,0,0
BRDA:666,115,1,0
BRDA:666,116,0,0
BRDA:666,116,1,0
BRDA:669,117,0,0
BRDA:669,117,1,0
BRDA:670,118,0,0
BRDA:670,118,1,0
BRDA:678,119,0,0
BRDA:678,119,1,0
BRDA:685,120,0,0
BRDA:685,120,1,0
BRDA:692,121,0,0
BRDA:692,121,1,0
BRDA:697,122,0,0
BRDA:697,122,1,0
BRDA:700,123,0,0
BRDA:700,123,1,0
BRDA:700,124,0,0
BRDA:700,124,1,0
BRDA:706,125,0,0
BRDA:706,125,1,0
BRDA:709,126,0,0
BRDA:709,126,1,0
BRDA:712,127,0,0
BRDA:712,127,1,0
BRDA:713,128,0,0
BRDA:713,128,1,0
BRDA:714,129,0,0
BRDA:714,129,1,0
BRDA:724,130,0,0
BRDA:724,130,1,0
BRDA:724,131,0,0
BRDA:724,131,1,0
BRDA:775,132,0,0
BRDA:775,132,1,0
BRDA:797,133,0,0
BRDA:797,133,1,0
BRDA:798,134,0,0
BRDA:798,134,1,0
BRDA:798,135,0,0
BRDA:798,135,1,0
BRDA:804,136,0,0
BRDA:804,136,1,0
BRDA:813,137,0,0
BRDA:813,137,1,0
BRDA:817,138,0,0
BRDA:817,138,1,0
BRDA:821,139,0,0
BRDA:821,139,1,0
BRDA:827,140,0,0
BRDA:827,140,1,0
BRDA:828,141,0,0
BRDA:828,141,1,0
BRDA:832,142,0,0
BRDA:832,142,1,0
BRDA:882,143,0,0
BRDA:882,143,1,0
BRDA:884,144,0,0
BRDA:884,144,1,0
BRDA:884,145,0,0
BRDA:884,145,1,0
BRDA:884,146,0,0
BRDA:884,146,1,0
BRDA:894,147,0,0
BRDA:894,147,1,0
BRDA:912,148,0,0
BRDA:912,148,1,0
BRDA:915,149,0,0
BRDA:915,149,1,0
BRDA:948,150,0,0
BRDA:948,150,1,0
BRDA:949,151,0,0
BRDA:949,151,1,0
BRDA:958,152,0,0
BRDA:958,152,1,0
BRDA:958,153,0,0
BRDA:958,153,1,0
BRDA:983,154,0,0
BRDA:997,155,0,0
BRDA:997,155,1,0
BRDA:998,156,0,0
BRDA:998,156,1,0
BRDA:1001,157,0,0
BRDA:1001,157,1,0
BRDA:1004,158,0,0
BRDA:1004,158,1,0
BRDA:1019,159,0,0
BRDA:1019,159,1,0
BRDA:1020,160,0,0
BRDA:1020,160,1,0
BRDA:1084,161,0,0
BRDA:1084,161,1,0
BRDA:1101,162,0,0
BRDA:1101,162,1,0
BRDA:1107,163,0,0
BRDA:1107,163,1,0
BRDA:1108,164,0,0
BRDA:1108,164,1,0
BRDA:1118,165,0,0
BRDA:1118,165,1,0
BRDA:1121,166,0,0
BRDA:1121,166,1,0
BRDA:1130,167,0,0
BRDA:1130,167,1,0
BRDA:1131,168,0,0
BRDA:1131,168,1,0
BRDA:1138,169,0,0
BRDA:1138,169,1,0
BRDA:1142,170,0,0
BRDA:1142,170,1,0
BRDA:1142,171,0,0
BRDA:1142,171,1,0
BRDA:1147,172,0,0
BRDA:1147,172,1,0
BRDA:1164,173,0,0
BRDA:1164,173,1,0
BRDA:1177,174,0,0
BRDA:1177,174,1,0
BRDA:1185,175,0,0
BRDA:1185,175,1,0
BRDA:1187,176,0,0
BRDA:1187,176,1,0
BRDA:1200,177,0,0
BRDA:1200,177,1,0
BRDA:1442,178,0,0
BRDA:1442,178,1,0
BRDA:3422,179,0,0
BRDA:3422,179,1,0
BRDA:3461,180,0,0
BRDA:3461,180,1,0
BRDA:3465,181,0,0
BRDA:3465,181,1,0
BRDA:3469,182,0,0
BRDA:3469,182,1,0
BRDA:3494,183,0,0
BRDA:3494,183,1,0
BRDA:3501,184,0,0
BRDA:3501,184,1,0
BRDA:3507,185,0,0
BRDA:3507,185,1,0
BRDA:3510,186,0,0
BRDA:3510,186,1,0
BRDA:3515,187,0,0
BRDA:3515,187,1,0
BRDA:3519,188,0,0
BRDA:3519,188,1,0
BRF:382
BRH:0
end_of_record
TN:
SF:github-set-actions-permissions/index.js
FN:5,run
FNF:1
FNH:0
FNDA:0,run
DA:1,0
DA:2,0
DA:3,0
DA:6,0
DA:7,0
DA:8,0
DA:9,0
DA:10,0
DA:12,0
DA:13,0
DA:15,0
DA:19,0
LF:12
LH:0
BRF:0
BRH:0
end_of_record
